[INFO ] 2020-06-10 16:52:24.545 MitrangApplication - Starting MitrangApplication on admin-pc with PID 10268 (/home/adminpc/mitrang/target/classes started by adminpc in /home/adminpc/mitrang)
[DEBUG] 2020-06-10 16:52:24.553 MitrangApplication - Running with Spring Boot v2.3.0.RELEASE, Spring v5.2.6.RELEASE
[INFO ] 2020-06-10 16:52:24.554 MitrangApplication - No active profile set, falling back to default profiles: default
[INFO ] 2020-06-10 16:52:30.359 MitrangApplication - Started MitrangApplication in 6.403 seconds (JVM running for 9.27)
[INFO ] 2020-06-10 17:16:52.274 MitrangApplication - Starting MitrangApplication on admin-pc with PID 11282 (/home/adminpc/mitrang/target/classes started by adminpc in /home/adminpc/mitrang)
[DEBUG] 2020-06-10 17:16:52.283 MitrangApplication - Running with Spring Boot v2.3.0.RELEASE, Spring v5.2.6.RELEASE
[INFO ] 2020-06-10 17:16:52.284 MitrangApplication - No active profile set, falling back to default profiles: default
[INFO ] 2020-06-10 17:16:57.781 MitrangApplication - Started MitrangApplication in 6.062 seconds (JVM running for 8.542)
[INFO ] 2020-06-10 17:18:35.887 MitrangApplication - Starting MitrangApplication on admin-pc with PID 11652 (/home/adminpc/mitrang/target/classes started by adminpc in /home/adminpc/mitrang)
[DEBUG] 2020-06-10 17:18:35.896 MitrangApplication - Running with Spring Boot v2.3.0.RELEASE, Spring v5.2.6.RELEASE
[INFO ] 2020-06-10 17:18:35.897 MitrangApplication - No active profile set, falling back to default profiles: default
[INFO ] 2020-06-10 17:18:41.482 MitrangApplication - Started MitrangApplication in 6.156 seconds (JVM running for 8.292)
[INFO ] 2020-06-10 17:23:01.050 MitrangApplication - Starting MitrangApplication on admin-pc with PID 12077 (/home/adminpc/mitrang/target/classes started by adminpc in /home/adminpc/mitrang)
[DEBUG] 2020-06-10 17:23:01.060 MitrangApplication - Running with Spring Boot v2.3.0.RELEASE, Spring v5.2.6.RELEASE
[INFO ] 2020-06-10 17:23:01.061 MitrangApplication - No active profile set, falling back to default profiles: default
[INFO ] 2020-06-10 17:23:06.510 MitrangApplication - Started MitrangApplication in 5.966 seconds (JVM running for 8.163)
[INFO ] 2020-06-10 17:24:01.643 ProductService - Inside add media service method
[INFO ] 2020-06-10 17:24:15.086 ProductService - Could not find product with id - sssss
[INFO ] 2020-06-10 17:25:30.083 ProductService - Inside add media service method
[INFO ] 2020-06-10 17:30:11.897 MitrangApplication - Starting MitrangApplication on admin-pc with PID 12550 (/home/adminpc/mitrang/target/classes started by adminpc in /home/adminpc/mitrang)
[DEBUG] 2020-06-10 17:30:11.907 MitrangApplication - Running with Spring Boot v2.3.0.RELEASE, Spring v5.2.6.RELEASE
[INFO ] 2020-06-10 17:30:11.908 MitrangApplication - No active profile set, falling back to default profiles: default
[INFO ] 2020-06-10 17:30:17.432 MitrangApplication - Started MitrangApplication in 6.0 seconds (JVM running for 8.193)
[INFO ] 2020-06-10 17:30:31.320 ProductService - Inside add media service method
[INFO ] 2020-06-10 19:37:01.748 MitrangApplication - Starting MitrangApplication on admin-pc with PID 5498 (/home/adminpc/mitrang/target/classes started by adminpc in /home/adminpc/mitrang)
[DEBUG] 2020-06-10 19:37:01.782 MitrangApplication - Running with Spring Boot v2.3.0.RELEASE, Spring v5.2.6.RELEASE
[INFO ] 2020-06-10 19:37:01.783 MitrangApplication - No active profile set, falling back to default profiles: default
[INFO ] 2020-06-10 19:37:08.184 MitrangApplication - Started MitrangApplication in 6.997 seconds (JVM running for 10.218)
[INFO ] 2020-06-10 19:45:21.876 ProductService - Inside add media service method
[INFO ] 2020-06-10 19:53:59.060 MitrangApplication - Starting MitrangApplication on admin-pc with PID 6221 (/home/adminpc/mitrang/target/classes started by adminpc in /home/adminpc/mitrang)
[DEBUG] 2020-06-10 19:53:59.071 MitrangApplication - Running with Spring Boot v2.3.0.RELEASE, Spring v5.2.6.RELEASE
[INFO ] 2020-06-10 19:53:59.072 MitrangApplication - No active profile set, falling back to default profiles: default
[INFO ] 2020-06-10 19:54:05.626 MitrangApplication - Started MitrangApplication in 7.146 seconds (JVM running for 9.695)
[INFO ] 2020-06-10 19:59:39.764 MitrangApplication - Starting MitrangApplication on admin-pc with PID 6683 (/home/adminpc/mitrang/target/classes started by adminpc in /home/adminpc/mitrang)
[DEBUG] 2020-06-10 19:59:39.775 MitrangApplication - Running with Spring Boot v2.3.0.RELEASE, Spring v5.2.6.RELEASE
[INFO ] 2020-06-10 19:59:39.776 MitrangApplication - No active profile set, falling back to default profiles: default
[INFO ] 2020-06-10 19:59:45.622 MitrangApplication - Started MitrangApplication in 6.843 seconds (JVM running for 9.195)
[INFO ] 2020-06-10 20:04:28.450 MitrangApplication - Starting MitrangApplication on admin-pc with PID 7017 (/home/adminpc/mitrang/target/classes started by adminpc in /home/adminpc/mitrang)
[DEBUG] 2020-06-10 20:04:28.461 MitrangApplication - Running with Spring Boot v2.3.0.RELEASE, Spring v5.2.6.RELEASE
[INFO ] 2020-06-10 20:04:28.462 MitrangApplication - No active profile set, falling back to default profiles: default
[INFO ] 2020-06-10 20:04:34.143 MitrangApplication - Started MitrangApplication in 6.174 seconds (JVM running for 8.281)
[INFO ] 2020-06-10 20:05:09.910 ProductService - Inside add media service method
[INFO ] 2020-06-10 20:05:51.022 ProductService - Error occurred while storing the file
[ERROR] 2020-06-10 20:05:51.023 ProductService - java.io.IOException: java.io.FileNotFoundException: /home/adminpc/product/a6795bfb-05f0-4c14-9063-af9a11970a81/funnel.svg (Not a directory)
[INFO ] 2020-06-10 20:07:50.394 ProductService - Inside add media service method
[INFO ] 2020-06-10 20:07:50.411 ProductService - Error occurred while storing the file
[ERROR] 2020-06-10 20:07:50.411 ProductService - java.io.IOException: java.io.FileNotFoundException: /home/adminpc/product/a6795bfb-05f0-4c14-9063-af9a11970a81/funnel.svg (Not a directory)
[INFO ] 2020-06-10 20:15:40.685 MitrangApplication - Starting MitrangApplication on admin-pc with PID 7409 (/home/adminpc/mitrang/target/classes started by adminpc in /home/adminpc/mitrang)
[DEBUG] 2020-06-10 20:15:40.695 MitrangApplication - Running with Spring Boot v2.3.0.RELEASE, Spring v5.2.6.RELEASE
[INFO ] 2020-06-10 20:15:40.695 MitrangApplication - No active profile set, falling back to default profiles: default
[INFO ] 2020-06-10 20:15:46.136 MitrangApplication - Started MitrangApplication in 5.919 seconds (JVM running for 7.847)
[INFO ] 2020-06-10 20:15:57.223 ProductService - Inside add media service method
[INFO ] 2020-06-10 20:17:33.945 MitrangApplication - Starting MitrangApplication on admin-pc with PID 7680 (/home/adminpc/mitrang/target/classes started by adminpc in /home/adminpc/mitrang)
[DEBUG] 2020-06-10 20:17:33.954 MitrangApplication - Running with Spring Boot v2.3.0.RELEASE, Spring v5.2.6.RELEASE
[INFO ] 2020-06-10 20:17:33.955 MitrangApplication - No active profile set, falling back to default profiles: default
[INFO ] 2020-06-10 20:17:39.443 MitrangApplication - Started MitrangApplication in 5.974 seconds (JVM running for 8.006)
[INFO ] 2020-06-10 20:18:02.880 ProductService - Inside add media service method
[INFO ] 2020-06-10 20:20:25.148 MitrangApplication - Starting MitrangApplication on admin-pc with PID 8180 (/home/adminpc/mitrang/target/classes started by adminpc in /home/adminpc/mitrang)
[DEBUG] 2020-06-10 20:20:25.159 MitrangApplication - Running with Spring Boot v2.3.0.RELEASE, Spring v5.2.6.RELEASE
[INFO ] 2020-06-10 20:20:25.159 MitrangApplication - No active profile set, falling back to default profiles: default
[INFO ] 2020-06-10 20:20:30.571 MitrangApplication - Started MitrangApplication in 5.944 seconds (JVM running for 8.217)
[INFO ] 2020-06-10 20:22:48.258 ProductService - Inside add media service method
[INFO ] 2020-06-10 20:26:19.206 MitrangApplication - Starting MitrangApplication on admin-pc with PID 8627 (/home/adminpc/mitrang/target/classes started by adminpc in /home/adminpc/mitrang)
[DEBUG] 2020-06-10 20:26:19.216 MitrangApplication - Running with Spring Boot v2.3.0.RELEASE, Spring v5.2.6.RELEASE
[INFO ] 2020-06-10 20:26:19.216 MitrangApplication - No active profile set, falling back to default profiles: default
[INFO ] 2020-06-10 20:26:24.639 MitrangApplication - Started MitrangApplication in 5.922 seconds (JVM running for 7.926)
[INFO ] 2020-06-10 20:26:39.898 ProductService - Inside add media service method
[INFO ] 2020-06-10 20:27:25.684 ProductService - Error occurred while storing the file
[ERROR] 2020-06-10 20:27:25.684 ProductService - java.io.IOException: java.io.FileNotFoundException: /home/adminpc/products/a6795bfb-05f0-4c14-9063-af9a11970a81/funnel.svg (Not a directory)
[INFO ] 2020-06-10 20:28:28.283 MitrangApplication - Starting MitrangApplication on admin-pc with PID 8940 (/home/adminpc/mitrang/target/classes started by adminpc in /home/adminpc/mitrang)
[DEBUG] 2020-06-10 20:28:28.292 MitrangApplication - Running with Spring Boot v2.3.0.RELEASE, Spring v5.2.6.RELEASE
[INFO ] 2020-06-10 20:28:28.293 MitrangApplication - No active profile set, falling back to default profiles: default
[INFO ] 2020-06-10 20:28:34.540 MitrangApplication - Started MitrangApplication in 6.678 seconds (JVM running for 8.944)
[INFO ] 2020-06-10 20:29:02.589 ProductService - Inside add media service method
[INFO ] 2020-06-10 20:31:18.186 MitrangApplication - Starting MitrangApplication on admin-pc with PID 9293 (/home/adminpc/mitrang/target/classes started by adminpc in /home/adminpc/mitrang)
[DEBUG] 2020-06-10 20:31:18.196 MitrangApplication - Running with Spring Boot v2.3.0.RELEASE, Spring v5.2.6.RELEASE
[INFO ] 2020-06-10 20:31:18.197 MitrangApplication - No active profile set, falling back to default profiles: default
[INFO ] 2020-06-10 20:31:24.332 MitrangApplication - Started MitrangApplication in 6.642 seconds (JVM running for 8.651)
[INFO ] 2020-06-10 20:31:32.766 ProductService - Inside add media service method
[INFO ] 2020-06-10 20:36:06.197 MitrangApplication - Starting MitrangApplication on admin-pc with PID 9810 (/home/adminpc/mitrang/target/classes started by adminpc in /home/adminpc/mitrang)
[DEBUG] 2020-06-10 20:36:06.206 MitrangApplication - Running with Spring Boot v2.3.0.RELEASE, Spring v5.2.6.RELEASE
[INFO ] 2020-06-10 20:36:06.206 MitrangApplication - No active profile set, falling back to default profiles: default
[INFO ] 2020-06-10 20:36:11.673 MitrangApplication - Started MitrangApplication in 6.002 seconds (JVM running for 8.958)
[INFO ] 2020-06-10 20:36:34.928 ProductService - Inside add media service method
[INFO ] 2020-06-10 20:38:20.235 ProductService - Error occurred while storing the file
[ERROR] 2020-06-10 20:38:20.235 ProductService - java.io.IOException: java.io.FileNotFoundException: /home/adminpc/products/a6795bfb-05f0-4c14-9063-af9a11970a81/funnel.svg (Not a directory)
[INFO ] 2020-06-10 20:39:11.105 MitrangApplication - Starting MitrangApplication on admin-pc with PID 10138 (/home/adminpc/mitrang/target/classes started by adminpc in /home/adminpc/mitrang)
[DEBUG] 2020-06-10 20:39:11.115 MitrangApplication - Running with Spring Boot v2.3.0.RELEASE, Spring v5.2.6.RELEASE
[INFO ] 2020-06-10 20:39:11.116 MitrangApplication - No active profile set, falling back to default profiles: default
[INFO ] 2020-06-10 20:39:17.468 MitrangApplication - Started MitrangApplication in 6.86 seconds (JVM running for 9.194)
[INFO ] 2020-06-10 20:39:44.878 ProductService - Inside add media service method
[INFO ] 2020-06-10 20:40:11.177 ProductService - Error occurred while storing the file
[ERROR] 2020-06-10 20:40:11.178 ProductService - java.io.IOException: Not a directory
[INFO ] 2020-06-10 20:40:34.002 ProductService - Inside add media service method
[INFO ] 2020-06-10 20:43:42.007 ProductService - Inside add media service method
[INFO ] 2020-06-10 20:44:16.712 MitrangApplication - Starting MitrangApplication on admin-pc with PID 10581 (/home/adminpc/mitrang/target/classes started by adminpc in /home/adminpc/mitrang)
[DEBUG] 2020-06-10 20:44:16.722 MitrangApplication - Running with Spring Boot v2.3.0.RELEASE, Spring v5.2.6.RELEASE
[INFO ] 2020-06-10 20:44:16.723 MitrangApplication - No active profile set, falling back to default profiles: default
[INFO ] 2020-06-10 20:44:23.181 MitrangApplication - Started MitrangApplication in 7.022 seconds (JVM running for 9.392)
[INFO ] 2020-06-10 20:44:31.643 ProductService - Inside add media service method
[INFO ] 2020-06-10 20:48:40.277 MitrangApplication - Starting MitrangApplication on admin-pc with PID 10983 (/home/adminpc/mitrang/target/classes started by adminpc in /home/adminpc/mitrang)
[DEBUG] 2020-06-10 20:48:40.285 MitrangApplication - Running with Spring Boot v2.3.0.RELEASE, Spring v5.2.6.RELEASE
[INFO ] 2020-06-10 20:48:40.285 MitrangApplication - No active profile set, falling back to default profiles: default
[INFO ] 2020-06-10 20:48:46.141 MitrangApplication - Started MitrangApplication in 6.367 seconds (JVM running for 8.285)
[INFO ] 2020-06-10 20:52:14.337 ProductService - Inside add media service method
[INFO ] 2020-06-10 21:20:54.993 MitrangApplication - Starting MitrangApplication on admin-pc with PID 11830 (/home/adminpc/mitrang/target/classes started by adminpc in /home/adminpc/mitrang)
[DEBUG] 2020-06-10 21:20:55.006 MitrangApplication - Running with Spring Boot v2.3.0.RELEASE, Spring v5.2.6.RELEASE
[INFO ] 2020-06-10 21:20:55.007 MitrangApplication - No active profile set, falling back to default profiles: default
[INFO ] 2020-06-10 21:21:02.062 MitrangApplication - Started MitrangApplication in 7.703 seconds (JVM running for 10.21)
[INFO ] 2020-06-10 21:23:25.776 ProductService - Inside add media service method
[INFO ] 2020-06-10 21:46:20.550 MitrangApplication - Starting MitrangApplication on admin-pc with PID 12487 (/home/adminpc/mitrang/target/classes started by adminpc in /home/adminpc/mitrang)
[DEBUG] 2020-06-10 21:46:20.559 MitrangApplication - Running with Spring Boot v2.3.0.RELEASE, Spring v5.2.6.RELEASE
[INFO ] 2020-06-10 21:46:20.560 MitrangApplication - No active profile set, falling back to default profiles: default
[INFO ] 2020-06-10 21:46:26.163 MitrangApplication - Started MitrangApplication in 6.087 seconds (JVM running for 8.267)
[INFO ] 2020-06-10 21:48:53.675 ProductService - Deleted associated media object.
[INFO ] 2020-06-10 21:51:49.915 MitrangApplication - Starting MitrangApplication on admin-pc with PID 12851 (/home/adminpc/mitrang/target/classes started by adminpc in /home/adminpc/mitrang)
[DEBUG] 2020-06-10 21:51:49.927 MitrangApplication - Running with Spring Boot v2.3.0.RELEASE, Spring v5.2.6.RELEASE
[INFO ] 2020-06-10 21:51:49.928 MitrangApplication - No active profile set, falling back to default profiles: default
[INFO ] 2020-06-10 21:51:55.207 MitrangApplication - Started MitrangApplication in 5.7 seconds (JVM running for 7.456)
[INFO ] 2020-06-10 22:37:29.327 MitrangApplication - Starting MitrangApplication on admin-pc with PID 13801 (/home/adminpc/mitrang/target/classes started by adminpc in /home/adminpc/mitrang)
[DEBUG] 2020-06-10 22:37:29.335 MitrangApplication - Running with Spring Boot v2.3.0.RELEASE, Spring v5.2.6.RELEASE
[INFO ] 2020-06-10 22:37:29.336 MitrangApplication - No active profile set, falling back to default profiles: default
[INFO ] 2020-06-10 22:37:35.020 MitrangApplication - Started MitrangApplication in 6.132 seconds (JVM running for 8.146)
[INFO ] 2020-06-10 22:42:07.203 MitrangApplication - Starting MitrangApplication on admin-pc with PID 14133 (/home/adminpc/mitrang/target/classes started by adminpc in /home/adminpc/mitrang)
[DEBUG] 2020-06-10 22:42:07.221 MitrangApplication - Running with Spring Boot v2.3.0.RELEASE, Spring v5.2.6.RELEASE
[INFO ] 2020-06-10 22:42:07.222 MitrangApplication - No active profile set, falling back to default profiles: default
[INFO ] 2020-06-10 22:42:12.676 MitrangApplication - Started MitrangApplication in 5.976 seconds (JVM running for 8.135)
[INFO ] 2020-06-10 22:44:36.541 MitrangApplication - Starting MitrangApplication on admin-pc with PID 14506 (/home/adminpc/mitrang/target/classes started by adminpc in /home/adminpc/mitrang)
[DEBUG] 2020-06-10 22:44:36.551 MitrangApplication - Running with Spring Boot v2.3.0.RELEASE, Spring v5.2.6.RELEASE
[INFO ] 2020-06-10 22:44:36.552 MitrangApplication - No active profile set, falling back to default profiles: default
[INFO ] 2020-06-10 22:44:41.966 MitrangApplication - Started MitrangApplication in 5.899 seconds (JVM running for 8.308)
[INFO ] 2020-06-10 23:46:30.172 ProductService - Inside add media service method
[INFO ] 2020-06-10 23:56:17.720 MitrangApplication - Starting MitrangApplication on admin-pc with PID 16025 (/home/adminpc/mitrang/target/classes started by adminpc in /home/adminpc/mitrang)
[DEBUG] 2020-06-10 23:56:17.729 MitrangApplication - Running with Spring Boot v2.3.0.RELEASE, Spring v5.2.6.RELEASE
[INFO ] 2020-06-10 23:56:17.729 MitrangApplication - No active profile set, falling back to default profiles: default
[INFO ] 2020-06-10 23:56:23.158 MitrangApplication - Started MitrangApplication in 5.949 seconds (JVM running for 8.3)
[INFO ] 2020-06-11 00:02:59.241 MitrangApplication - Starting MitrangApplication on admin-pc with PID 16528 (/home/adminpc/mitrang/target/classes started by adminpc in /home/adminpc/mitrang)
[DEBUG] 2020-06-11 00:02:59.250 MitrangApplication - Running with Spring Boot v2.3.0.RELEASE, Spring v5.2.6.RELEASE
[INFO ] 2020-06-11 00:02:59.250 MitrangApplication - No active profile set, falling back to default profiles: default
[INFO ] 2020-06-11 00:03:04.707 MitrangApplication - Started MitrangApplication in 5.93 seconds (JVM running for 8.006)
[INFO ] 2020-06-11 00:13:19.468 MitrangApplication - Starting MitrangApplication on admin-pc with PID 16942 (/home/adminpc/mitrang/target/classes started by adminpc in /home/adminpc/mitrang)
[DEBUG] 2020-06-11 00:13:19.478 MitrangApplication - Running with Spring Boot v2.3.0.RELEASE, Spring v5.2.6.RELEASE
[INFO ] 2020-06-11 00:13:19.479 MitrangApplication - No active profile set, falling back to default profiles: default
[INFO ] 2020-06-11 00:13:25.731 MitrangApplication - Started MitrangApplication in 6.778 seconds (JVM running for 8.995)
[INFO ] 2020-06-11 00:16:03.091 MitrangApplication - Starting MitrangApplication on admin-pc with PID 17232 (/home/adminpc/mitrang/target/classes started by adminpc in /home/adminpc/mitrang)
[DEBUG] 2020-06-11 00:16:03.100 MitrangApplication - Running with Spring Boot v2.3.0.RELEASE, Spring v5.2.6.RELEASE
[INFO ] 2020-06-11 00:16:03.101 MitrangApplication - No active profile set, falling back to default profiles: default
[INFO ] 2020-06-11 00:16:08.454 MitrangApplication - Started MitrangApplication in 5.845 seconds (JVM running for 7.907)
[INFO ] 2020-06-11 00:18:22.332 MitrangApplication - Starting MitrangApplication on admin-pc with PID 17564 (/home/adminpc/mitrang/target/classes started by adminpc in /home/adminpc/mitrang)
[DEBUG] 2020-06-11 00:18:22.341 MitrangApplication - Running with Spring Boot v2.3.0.RELEASE, Spring v5.2.6.RELEASE
[INFO ] 2020-06-11 00:18:22.341 MitrangApplication - No active profile set, falling back to default profiles: default
[INFO ] 2020-06-11 00:18:27.709 MitrangApplication - Started MitrangApplication in 5.874 seconds (JVM running for 7.869)
[INFO ] 2020-06-11 00:18:54.483 ProductService - Removed offer with id - ba8c2f08-7ab8-447d-a01b-69759d5a9b30
[INFO ] 2020-06-11 00:20:22.208 MitrangApplication - Starting MitrangApplication on admin-pc with PID 17839 (/home/adminpc/mitrang/target/classes started by adminpc in /home/adminpc/mitrang)
[DEBUG] 2020-06-11 00:20:22.218 MitrangApplication - Running with Spring Boot v2.3.0.RELEASE, Spring v5.2.6.RELEASE
[INFO ] 2020-06-11 00:20:22.219 MitrangApplication - No active profile set, falling back to default profiles: default
[INFO ] 2020-06-11 00:20:27.569 MitrangApplication - Started MitrangApplication in 5.831 seconds (JVM running for 7.94)
[INFO ] 2020-06-11 00:20:52.883 ProductService - Removed offer with id - ba8c2f08-7ab8-447d-a01b-69759d5a9b30
[INFO ] 2020-06-11 00:26:38.611 MitrangApplication - Starting MitrangApplication on admin-pc with PID 18188 (/home/adminpc/mitrang/target/classes started by adminpc in /home/adminpc/mitrang)
[DEBUG] 2020-06-11 00:26:38.621 MitrangApplication - Running with Spring Boot v2.3.0.RELEASE, Spring v5.2.6.RELEASE
[INFO ] 2020-06-11 00:26:38.622 MitrangApplication - No active profile set, falling back to default profiles: default
[INFO ] 2020-06-11 00:26:46.297 MitrangApplication - Started MitrangApplication in 8.182 seconds (JVM running for 10.273)
[INFO ] 2020-06-11 00:37:35.591 MitrangApplication - Starting MitrangApplication on admin-pc with PID 18608 (/home/adminpc/mitrang/target/classes started by adminpc in /home/adminpc/mitrang)
[DEBUG] 2020-06-11 00:37:35.617 MitrangApplication - Running with Spring Boot v2.3.0.RELEASE, Spring v5.2.6.RELEASE
[INFO ] 2020-06-11 00:37:35.618 MitrangApplication - No active profile set, falling back to default profiles: default
[INFO ] 2020-06-11 00:37:41.309 MitrangApplication - Started MitrangApplication in 6.189 seconds (JVM running for 8.375)
[INFO ] 2020-06-11 00:38:39.133 ProductService - Inside add media service method
[INFO ] 2020-06-11 00:41:06.253 MitrangApplication - Starting MitrangApplication on admin-pc with PID 18970 (/home/adminpc/mitrang/target/classes started by adminpc in /home/adminpc/mitrang)
[DEBUG] 2020-06-11 00:41:06.262 MitrangApplication - Running with Spring Boot v2.3.0.RELEASE, Spring v5.2.6.RELEASE
[INFO ] 2020-06-11 00:41:06.262 MitrangApplication - No active profile set, falling back to default profiles: default
[INFO ] 2020-06-11 00:41:12.180 MitrangApplication - Started MitrangApplication in 6.432 seconds (JVM running for 8.515)
[INFO ] 2020-06-11 00:42:18.809 ProductService - Deleted associated media object.
[INFO ] 2020-06-11 22:26:28.526 MitrangApplication - Starting MitrangApplication on admin-pc with PID 20919 (/home/adminpc/mitrang/target/classes started by adminpc in /home/adminpc/mitrang)
[DEBUG] 2020-06-11 22:26:28.549 MitrangApplication - Running with Spring Boot v2.3.0.RELEASE, Spring v5.2.6.RELEASE
[INFO ] 2020-06-11 22:26:28.551 MitrangApplication - No active profile set, falling back to default profiles: default
[INFO ] 2020-06-11 22:34:31.420 MitrangApplication - Starting MitrangApplication on admin-pc with PID 21326 (/home/adminpc/mitrang/target/classes started by adminpc in /home/adminpc/mitrang)
[DEBUG] 2020-06-11 22:34:31.430 MitrangApplication - Running with Spring Boot v2.3.0.RELEASE, Spring v5.2.6.RELEASE
[INFO ] 2020-06-11 22:34:31.431 MitrangApplication - No active profile set, falling back to default profiles: default
[INFO ] 2020-06-11 22:34:37.888 MitrangApplication - Started MitrangApplication in 7.023 seconds (JVM running for 9.551)
[INFO ] 2020-06-11 23:24:40.327 MitrangApplication - Starting MitrangApplication on admin-pc with PID 22345 (/home/adminpc/mitrang/target/classes started by adminpc in /home/adminpc/mitrang)
[DEBUG] 2020-06-11 23:24:40.340 MitrangApplication - Running with Spring Boot v2.3.0.RELEASE, Spring v5.2.6.RELEASE
[INFO ] 2020-06-11 23:24:40.341 MitrangApplication - No active profile set, falling back to default profiles: default
[INFO ] 2020-06-11 23:24:46.891 MitrangApplication - Started MitrangApplication in 7.115 seconds (JVM running for 9.575)
[INFO ] 2020-06-11 23:35:54.997 MitrangApplication - Starting MitrangApplication on admin-pc with PID 22974 (/home/adminpc/mitrang/target/classes started by adminpc in /home/adminpc/mitrang)
[DEBUG] 2020-06-11 23:35:55.018 MitrangApplication - Running with Spring Boot v2.3.0.RELEASE, Spring v5.2.6.RELEASE
[INFO ] 2020-06-11 23:35:55.019 MitrangApplication - No active profile set, falling back to default profiles: default
[INFO ] 2020-06-11 23:36:01.600 MitrangApplication - Started MitrangApplication in 7.179 seconds (JVM running for 9.756)
[INFO ] 2020-06-11 23:36:45.450 MitrangApplication - Starting MitrangApplication on admin-pc with PID 23237 (/home/adminpc/mitrang/target/classes started by adminpc in /home/adminpc/mitrang)
[DEBUG] 2020-06-11 23:36:45.470 MitrangApplication - Running with Spring Boot v2.3.0.RELEASE, Spring v5.2.6.RELEASE
[INFO ] 2020-06-11 23:36:45.471 MitrangApplication - No active profile set, falling back to default profiles: default
[INFO ] 2020-06-11 23:36:52.041 MitrangApplication - Started MitrangApplication in 7.153 seconds (JVM running for 9.634)
[INFO ] 2020-06-11 23:39:21.122 MitrangApplication - Starting MitrangApplication on admin-pc with PID 23552 (/home/adminpc/mitrang/target/classes started by adminpc in /home/adminpc/mitrang)
[DEBUG] 2020-06-11 23:39:21.133 MitrangApplication - Running with Spring Boot v2.3.0.RELEASE, Spring v5.2.6.RELEASE
[INFO ] 2020-06-11 23:39:21.134 MitrangApplication - No active profile set, falling back to default profiles: default
[INFO ] 2020-06-11 23:39:27.483 MitrangApplication - Started MitrangApplication in 6.908 seconds (JVM running for 9.632)
[INFO ] 2020-06-12 00:18:06.817 MitrangApplication - Starting MitrangApplication on admin-pc with PID 3267 (/home/adminpc/mitrang/target/classes started by adminpc in /home/adminpc/mitrang)
[DEBUG] 2020-06-12 00:18:06.832 MitrangApplication - Running with Spring Boot v2.3.0.RELEASE, Spring v5.2.6.RELEASE
[INFO ] 2020-06-12 00:18:06.833 MitrangApplication - No active profile set, falling back to default profiles: default
[INFO ] 2020-06-12 00:18:13.440 MitrangApplication - Started MitrangApplication in 7.175 seconds (JVM running for 10.513)
[INFO ] 2020-06-12 00:28:44.808 MitrangApplication - Starting MitrangApplication on admin-pc with PID 4102 (/home/adminpc/mitrang/target/classes started by adminpc in /home/adminpc/mitrang)
[DEBUG] 2020-06-12 00:28:44.817 MitrangApplication - Running with Spring Boot v2.3.0.RELEASE, Spring v5.2.6.RELEASE
[INFO ] 2020-06-12 00:28:44.818 MitrangApplication - No active profile set, falling back to default profiles: default
[INFO ] 2020-06-12 00:28:50.523 MitrangApplication - Started MitrangApplication in 6.241 seconds (JVM running for 8.575)
[INFO ] 2020-06-12 00:43:56.327 MitrangApplication - Starting MitrangApplication on admin-pc with PID 4645 (/home/adminpc/mitrang/target/classes started by adminpc in /home/adminpc/mitrang)
[DEBUG] 2020-06-12 00:43:56.338 MitrangApplication - Running with Spring Boot v2.3.0.RELEASE, Spring v5.2.6.RELEASE
[INFO ] 2020-06-12 00:43:56.338 MitrangApplication - No active profile set, falling back to default profiles: default
[INFO ] 2020-06-12 00:44:02.555 MitrangApplication - Started MitrangApplication in 6.723 seconds (JVM running for 9.074)
[INFO ] 2020-06-12 10:10:30.151 MitrangApplication - Starting MitrangApplication on admin-pc with PID 3646 (/home/adminpc/mitrang/target/classes started by adminpc in /home/adminpc/mitrang)
[DEBUG] 2020-06-12 10:10:30.174 MitrangApplication - Running with Spring Boot v2.3.0.RELEASE, Spring v5.2.6.RELEASE
[INFO ] 2020-06-12 10:10:30.179 MitrangApplication - No active profile set, falling back to default profiles: default
[INFO ] 2020-06-12 10:10:48.658 MitrangApplication - Started MitrangApplication in 19.208 seconds (JVM running for 37.612)
[INFO ] 2020-06-12 13:47:00.841 MitrangApplication - Starting MitrangApplication on admin-pc with PID 8769 (/home/adminpc/mitrang/target/classes started by adminpc in /home/adminpc/mitrang)
[DEBUG] 2020-06-12 13:47:00.866 MitrangApplication - Running with Spring Boot v2.3.0.RELEASE, Spring v5.2.6.RELEASE
[INFO ] 2020-06-12 13:47:00.867 MitrangApplication - No active profile set, falling back to default profiles: default
[INFO ] 2020-06-12 13:47:42.122 MitrangApplication - Starting MitrangApplication on admin-pc with PID 9125 (/home/adminpc/mitrang/target/classes started by adminpc in /home/adminpc/mitrang)
[DEBUG] 2020-06-12 13:47:42.131 MitrangApplication - Running with Spring Boot v2.3.0.RELEASE, Spring v5.2.6.RELEASE
[INFO ] 2020-06-12 13:47:42.132 MitrangApplication - No active profile set, falling back to default profiles: default
[INFO ] 2020-06-12 13:48:36.805 MitrangApplication - Starting MitrangApplication on admin-pc with PID 9410 (/home/adminpc/mitrang/target/classes started by adminpc in /home/adminpc/mitrang)
[DEBUG] 2020-06-12 13:48:36.815 MitrangApplication - Running with Spring Boot v2.3.0.RELEASE, Spring v5.2.6.RELEASE
[INFO ] 2020-06-12 13:48:36.816 MitrangApplication - No active profile set, falling back to default profiles: default
[INFO ] 2020-06-12 13:48:42.534 MitrangApplication - Started MitrangApplication in 6.194 seconds (JVM running for 8.417)
[INFO ] 2020-06-12 13:58:40.706 MitrangApplication - Starting MitrangApplication on admin-pc with PID 10026 (/home/adminpc/mitrang/target/classes started by adminpc in /home/adminpc/mitrang)
[DEBUG] 2020-06-12 13:58:40.716 MitrangApplication - Running with Spring Boot v2.3.0.RELEASE, Spring v5.2.6.RELEASE
[INFO ] 2020-06-12 13:58:40.717 MitrangApplication - No active profile set, falling back to default profiles: default
[INFO ] 2020-06-12 13:58:46.546 MitrangApplication - Started MitrangApplication in 6.31 seconds (JVM running for 8.475)
[INFO ] 2020-06-12 14:00:35.785 MitrangApplication - Starting MitrangApplication on admin-pc with PID 10392 (/home/adminpc/mitrang/target/classes started by adminpc in /home/adminpc/mitrang)
[DEBUG] 2020-06-12 14:00:35.801 MitrangApplication - Running with Spring Boot v2.3.0.RELEASE, Spring v5.2.6.RELEASE
[INFO ] 2020-06-12 14:00:35.802 MitrangApplication - No active profile set, falling back to default profiles: default
[INFO ] 2020-06-12 14:00:41.927 MitrangApplication - Started MitrangApplication in 6.653 seconds (JVM running for 8.931)
[INFO ] 2020-06-12 14:02:50.716 MitrangApplication - Starting MitrangApplication on admin-pc with PID 10673 (/home/adminpc/mitrang/target/classes started by adminpc in /home/adminpc/mitrang)
[DEBUG] 2020-06-12 14:02:50.727 MitrangApplication - Running with Spring Boot v2.3.0.RELEASE, Spring v5.2.6.RELEASE
[INFO ] 2020-06-12 14:02:50.728 MitrangApplication - No active profile set, falling back to default profiles: default
[INFO ] 2020-06-12 14:02:56.402 MitrangApplication - Started MitrangApplication in 6.093 seconds (JVM running for 8.5)
[INFO ] 2020-06-13 01:13:39.306 MitrangApplication - Starting MitrangApplication on admin-pc with PID 31952 (/home/adminpc/mitrang/target/classes started by adminpc in /home/adminpc/mitrang)
[DEBUG] 2020-06-13 01:13:39.326 MitrangApplication - Running with Spring Boot v2.3.0.RELEASE, Spring v5.2.6.RELEASE
[INFO ] 2020-06-13 01:13:39.328 MitrangApplication - No active profile set, falling back to default profiles: default
[INFO ] 2020-06-13 01:13:50.991 MitrangApplication - Started MitrangApplication in 12.482 seconds (JVM running for 19.139)
[INFO ] 2020-06-13 01:19:06.973 MitrangApplication - Starting MitrangApplication on admin-pc with PID 32456 (/home/adminpc/mitrang/target/classes started by adminpc in /home/adminpc/mitrang)
[DEBUG] 2020-06-13 01:19:06.983 MitrangApplication - Running with Spring Boot v2.3.0.RELEASE, Spring v5.2.6.RELEASE
[INFO ] 2020-06-13 01:19:06.984 MitrangApplication - No active profile set, falling back to default profiles: default
[INFO ] 2020-06-13 01:19:16.170 MitrangApplication - Started MitrangApplication in 9.77 seconds (JVM running for 13.551)
[INFO ] 2020-06-13 01:23:39.545 MitrangApplication - Starting MitrangApplication on admin-pc with PID 32908 (/home/adminpc/mitrang/target/classes started by adminpc in /home/adminpc/mitrang)
[DEBUG] 2020-06-13 01:23:39.554 MitrangApplication - Running with Spring Boot v2.3.0.RELEASE, Spring v5.2.6.RELEASE
[INFO ] 2020-06-13 01:23:39.555 MitrangApplication - No active profile set, falling back to default profiles: default
[INFO ] 2020-06-13 01:23:47.994 MitrangApplication - Started MitrangApplication in 9.013 seconds (JVM running for 11.732)
[INFO ] 2020-06-13 01:27:30.946 MitrangApplication - Starting MitrangApplication on admin-pc with PID 33336 (/home/adminpc/mitrang/target/classes started by adminpc in /home/adminpc/mitrang)
[DEBUG] 2020-06-13 01:27:30.956 MitrangApplication - Running with Spring Boot v2.3.0.RELEASE, Spring v5.2.6.RELEASE
[INFO ] 2020-06-13 01:27:30.957 MitrangApplication - No active profile set, falling back to default profiles: default
[INFO ] 2020-06-13 01:27:39.848 MitrangApplication - Started MitrangApplication in 9.49 seconds (JVM running for 12.208)
[INFO ] 2020-06-13 10:46:12.159 MitrangApplication - Starting MitrangApplication on admin-pc with PID 7118 (/home/adminpc/mitrang/target/classes started by adminpc in /home/adminpc/mitrang)
[DEBUG] 2020-06-13 10:46:12.168 MitrangApplication - Running with Spring Boot v2.3.0.RELEASE, Spring v5.2.6.RELEASE
[INFO ] 2020-06-13 10:46:12.169 MitrangApplication - No active profile set, falling back to default profiles: default
[INFO ] 2020-06-13 10:46:19.896 MitrangApplication - Started MitrangApplication in 8.316 seconds (JVM running for 11.871)
[INFO ] 2020-06-13 15:22:11.285 MitrangApplication - Starting MitrangApplication on admin-pc with PID 11118 (/home/adminpc/mitrang/target/classes started by adminpc in /home/adminpc/mitrang)
[DEBUG] 2020-06-13 15:22:11.294 MitrangApplication - Running with Spring Boot v2.3.0.RELEASE, Spring v5.2.6.RELEASE
[INFO ] 2020-06-13 15:22:11.295 MitrangApplication - No active profile set, falling back to default profiles: default
[INFO ] 2020-06-13 15:22:22.811 MitrangApplication - Started MitrangApplication in 12.03 seconds (JVM running for 14.288)
[INFO ] 2020-06-13 15:33:07.729 MitrangApplication - Starting MitrangApplication on admin-pc with PID 11870 (/home/adminpc/mitrang/target/classes started by adminpc in /home/adminpc/mitrang)
[DEBUG] 2020-06-13 15:33:07.738 MitrangApplication - Running with Spring Boot v2.3.0.RELEASE, Spring v5.2.6.RELEASE
[INFO ] 2020-06-13 15:33:07.739 MitrangApplication - No active profile set, falling back to default profiles: default
[INFO ] 2020-06-13 15:33:14.434 MitrangApplication - Started MitrangApplication in 7.2 seconds (JVM running for 9.473)
[INFO ] 2020-06-13 15:33:55.780 MitrangApplication - Starting MitrangApplication on admin-pc with PID 12134 (/home/adminpc/mitrang/target/classes started by adminpc in /home/adminpc/mitrang)
[DEBUG] 2020-06-13 15:33:55.791 MitrangApplication - Running with Spring Boot v2.3.0.RELEASE, Spring v5.2.6.RELEASE
[INFO ] 2020-06-13 15:33:55.792 MitrangApplication - No active profile set, falling back to default profiles: default
[INFO ] 2020-06-13 15:34:03.051 MitrangApplication - Started MitrangApplication in 7.811 seconds (JVM running for 10.243)
[INFO ] 2020-06-13 15:34:45.163 MitrangApplication - Starting MitrangApplication on admin-pc with PID 12393 (/home/adminpc/mitrang/target/classes started by adminpc in /home/adminpc/mitrang)
[DEBUG] 2020-06-13 15:34:45.173 MitrangApplication - Running with Spring Boot v2.3.0.RELEASE, Spring v5.2.6.RELEASE
[INFO ] 2020-06-13 15:34:45.174 MitrangApplication - No active profile set, falling back to default profiles: default
[INFO ] 2020-06-13 15:34:50.988 MitrangApplication - Started MitrangApplication in 6.306 seconds (JVM running for 8.696)
[INFO ] 2020-06-13 15:37:04.405 MitrangApplication - Starting MitrangApplication on admin-pc with PID 12768 (/home/adminpc/mitrang/target/classes started by adminpc in /home/adminpc/mitrang)
[DEBUG] 2020-06-13 15:37:04.415 MitrangApplication - Running with Spring Boot v2.3.0.RELEASE, Spring v5.2.6.RELEASE
[INFO ] 2020-06-13 15:37:04.416 MitrangApplication - No active profile set, falling back to default profiles: default
[INFO ] 2020-06-13 15:37:11.448 MitrangApplication - Started MitrangApplication in 7.578 seconds (JVM running for 10.125)
[INFO ] 2020-06-13 15:38:39.048 MitrangApplication - Starting MitrangApplication on admin-pc with PID 13282 (/home/adminpc/mitrang/target/classes started by adminpc in /home/adminpc/mitrang)
[DEBUG] 2020-06-13 15:38:39.058 MitrangApplication - Running with Spring Boot v2.3.0.RELEASE, Spring v5.2.6.RELEASE
[INFO ] 2020-06-13 15:38:39.059 MitrangApplication - No active profile set, falling back to default profiles: default
[INFO ] 2020-06-13 15:38:47.127 MitrangApplication - Started MitrangApplication in 8.613 seconds (JVM running for 11.239)
[INFO ] 2020-06-13 15:41:23.113 MitrangApplication - Starting MitrangApplication on admin-pc with PID 13792 (/home/adminpc/mitrang/target/classes started by adminpc in /home/adminpc/mitrang)
[DEBUG] 2020-06-13 15:41:23.123 MitrangApplication - Running with Spring Boot v2.3.0.RELEASE, Spring v5.2.6.RELEASE
[INFO ] 2020-06-13 15:41:23.124 MitrangApplication - No active profile set, falling back to default profiles: default
[INFO ] 2020-06-13 15:41:31.785 MitrangApplication - Started MitrangApplication in 9.257 seconds (JVM running for 11.747)
[INFO ] 2020-06-13 15:43:45.415 MitrangApplication - Starting MitrangApplication on admin-pc with PID 14273 (/home/adminpc/mitrang/target/classes started by adminpc in /home/adminpc/mitrang)
[DEBUG] 2020-06-13 15:43:45.425 MitrangApplication - Running with Spring Boot v2.3.0.RELEASE, Spring v5.2.6.RELEASE
[INFO ] 2020-06-13 15:43:45.426 MitrangApplication - No active profile set, falling back to default profiles: default
[INFO ] 2020-06-13 15:43:52.798 MitrangApplication - Started MitrangApplication in 7.908 seconds (JVM running for 10.345)
[INFO ] 2020-06-13 15:47:23.999 MitrangApplication - Starting MitrangApplication on admin-pc with PID 14782 (/home/adminpc/mitrang/target/classes started by adminpc in /home/adminpc/mitrang)
[DEBUG] 2020-06-13 15:47:24.010 MitrangApplication - Running with Spring Boot v2.3.0.RELEASE, Spring v5.2.6.RELEASE
[INFO ] 2020-06-13 15:47:24.011 MitrangApplication - No active profile set, falling back to default profiles: default
[INFO ] 2020-06-13 15:47:31.793 MitrangApplication - Started MitrangApplication in 8.389 seconds (JVM running for 10.725)
[INFO ] 2020-06-13 15:49:17.604 MitrangApplication - Starting MitrangApplication on admin-pc with PID 15249 (/home/adminpc/mitrang/target/classes started by adminpc in /home/adminpc/mitrang)
[DEBUG] 2020-06-13 15:49:17.614 MitrangApplication - Running with Spring Boot v2.3.0.RELEASE, Spring v5.2.6.RELEASE
[INFO ] 2020-06-13 15:49:17.614 MitrangApplication - No active profile set, falling back to default profiles: default
[INFO ] 2020-06-13 15:49:25.503 MitrangApplication - Started MitrangApplication in 8.417 seconds (JVM running for 10.984)
[INFO ] 2020-06-13 15:49:54.353 MitrangApplication - Starting MitrangApplication on admin-pc with PID 15514 (/home/adminpc/mitrang/target/classes started by adminpc in /home/adminpc/mitrang)
[DEBUG] 2020-06-13 15:49:54.364 MitrangApplication - Running with Spring Boot v2.3.0.RELEASE, Spring v5.2.6.RELEASE
[INFO ] 2020-06-13 15:49:54.364 MitrangApplication - No active profile set, falling back to default profiles: default
[INFO ] 2020-06-13 15:50:00.830 MitrangApplication - Started MitrangApplication in 6.988 seconds (JVM running for 9.298)
[INFO ] 2020-06-13 15:56:31.981 MitrangApplication - Starting MitrangApplication on admin-pc with PID 15966 (/home/adminpc/mitrang/target/classes started by adminpc in /home/adminpc/mitrang)
[DEBUG] 2020-06-13 15:56:31.990 MitrangApplication - Running with Spring Boot v2.3.0.RELEASE, Spring v5.2.6.RELEASE
[INFO ] 2020-06-13 15:56:31.991 MitrangApplication - No active profile set, falling back to default profiles: default
[INFO ] 2020-06-13 15:56:38.344 MitrangApplication - Started MitrangApplication in 6.9 seconds (JVM running for 9.132)
[INFO ] 2020-06-13 19:27:46.515 MitrangApplication - Starting MitrangApplication on admin-pc with PID 22443 (/home/adminpc/mitrang/target/classes started by adminpc in /home/adminpc/mitrang)
[DEBUG] 2020-06-13 19:27:46.525 MitrangApplication - Running with Spring Boot v2.3.0.RELEASE, Spring v5.2.6.RELEASE
[INFO ] 2020-06-13 19:27:46.525 MitrangApplication - No active profile set, falling back to default profiles: default
[INFO ] 2020-06-13 19:27:53.038 MitrangApplication - Started MitrangApplication in 7.084 seconds (JVM running for 9.388)
[INFO ] 2020-06-13 19:49:24.712 MitrangApplication - Starting MitrangApplication on admin-pc with PID 23470 (/home/adminpc/mitrang/target/classes started by adminpc in /home/adminpc/mitrang)
[DEBUG] 2020-06-13 19:49:24.721 MitrangApplication - Running with Spring Boot v2.3.0.RELEASE, Spring v5.2.6.RELEASE
[INFO ] 2020-06-13 19:49:24.722 MitrangApplication - No active profile set, falling back to default profiles: default
[INFO ] 2020-06-13 19:49:31.344 MitrangApplication - Started MitrangApplication in 7.08 seconds (JVM running for 9.326)
[INFO ] 2020-06-16 14:21:46.953 MitrangApplication - Starting MitrangApplication on admin-pc with PID 4050 (/home/adminpc/mitrang/target/classes started by adminpc in /home/adminpc/mitrang)
[DEBUG] 2020-06-16 14:21:46.973 MitrangApplication - Running with Spring Boot v2.3.0.RELEASE, Spring v5.2.6.RELEASE
[INFO ] 2020-06-16 14:21:46.977 MitrangApplication - No active profile set, falling back to default profiles: default
[INFO ] 2020-06-16 14:22:03.894 MitrangApplication - Started MitrangApplication in 18.778 seconds (JVM running for 33.813)
[INFO ] 2020-06-16 14:27:18.972 MitrangApplication - Starting MitrangApplication on admin-pc with PID 5262 (/home/adminpc/mitrang/target/classes started by adminpc in /home/adminpc/mitrang)
[DEBUG] 2020-06-16 14:27:18.994 MitrangApplication - Running with Spring Boot v2.3.0.RELEASE, Spring v5.2.6.RELEASE
[INFO ] 2020-06-16 14:27:18.995 MitrangApplication - No active profile set, falling back to default profiles: default
[INFO ] 2020-06-16 14:27:25.956 MitrangApplication - Started MitrangApplication in 7.611 seconds (JVM running for 10.34)
[INFO ] 2020-06-16 14:30:39.830 MitrangApplication - Starting MitrangApplication on admin-pc with PID 5637 (/home/adminpc/mitrang/target/classes started by adminpc in /home/adminpc/mitrang)
[DEBUG] 2020-06-16 14:30:39.839 MitrangApplication - Running with Spring Boot v2.3.0.RELEASE, Spring v5.2.6.RELEASE
[INFO ] 2020-06-16 14:30:39.840 MitrangApplication - No active profile set, falling back to default profiles: default
[INFO ] 2020-06-16 14:30:46.623 MitrangApplication - Started MitrangApplication in 7.299 seconds (JVM running for 10.385)
[INFO ] 2020-06-16 14:39:50.401 MitrangApplication - Starting MitrangApplication on admin-pc with PID 6196 (/home/adminpc/mitrang/target/classes started by adminpc in /home/adminpc/mitrang)
[DEBUG] 2020-06-16 14:39:50.413 MitrangApplication - Running with Spring Boot v2.3.0.RELEASE, Spring v5.2.6.RELEASE
[INFO ] 2020-06-16 14:39:50.413 MitrangApplication - No active profile set, falling back to default profiles: default
[INFO ] 2020-06-16 14:44:10.452 MitrangApplication - Starting MitrangApplication on admin-pc with PID 6472 (/home/adminpc/mitrang/target/classes started by adminpc in /home/adminpc/mitrang)
[DEBUG] 2020-06-16 14:44:10.473 MitrangApplication - Running with Spring Boot v2.3.0.RELEASE, Spring v5.2.6.RELEASE
[INFO ] 2020-06-16 14:44:10.474 MitrangApplication - No active profile set, falling back to default profiles: default
[INFO ] 2020-06-16 14:45:11.946 MitrangApplication - Starting MitrangApplication on admin-pc with PID 6743 (/home/adminpc/mitrang/target/classes started by adminpc in /home/adminpc/mitrang)
[DEBUG] 2020-06-16 14:45:11.958 MitrangApplication - Running with Spring Boot v2.3.0.RELEASE, Spring v5.2.6.RELEASE
[INFO ] 2020-06-16 14:45:11.959 MitrangApplication - No active profile set, falling back to default profiles: default
[INFO ] 2020-06-16 14:45:18.695 MitrangApplication - Started MitrangApplication in 7.344 seconds (JVM running for 9.948)
[INFO ] 2020-06-16 14:49:11.900 MitrangApplication - Starting MitrangApplication on admin-pc with PID 7100 (/home/adminpc/mitrang/target/classes started by adminpc in /home/adminpc/mitrang)
[DEBUG] 2020-06-16 14:49:11.909 MitrangApplication - Running with Spring Boot v2.3.0.RELEASE, Spring v5.2.6.RELEASE
[INFO ] 2020-06-16 14:49:11.910 MitrangApplication - No active profile set, falling back to default profiles: default
[INFO ] 2020-06-16 14:49:18.831 MitrangApplication - Started MitrangApplication in 7.456 seconds (JVM running for 10.227)
[INFO ] 2020-06-16 14:50:10.376 MitrangApplication - Starting MitrangApplication on admin-pc with PID 7371 (/home/adminpc/mitrang/target/classes started by adminpc in /home/adminpc/mitrang)
[DEBUG] 2020-06-16 14:50:10.391 MitrangApplication - Running with Spring Boot v2.3.0.RELEASE, Spring v5.2.6.RELEASE
[INFO ] 2020-06-16 14:50:10.393 MitrangApplication - No active profile set, falling back to default profiles: default
[INFO ] 2020-06-16 15:03:17.579 MitrangApplication - Starting MitrangApplication on admin-pc with PID 7906 (/home/adminpc/mitrang/target/classes started by adminpc in /home/adminpc/mitrang)
[DEBUG] 2020-06-16 15:03:17.589 MitrangApplication - Running with Spring Boot v2.3.0.RELEASE, Spring v5.2.6.RELEASE
[INFO ] 2020-06-16 15:03:17.590 MitrangApplication - No active profile set, falling back to default profiles: default
[INFO ] 2020-06-16 15:03:24.271 MitrangApplication - Started MitrangApplication in 7.177 seconds (JVM running for 9.455)
[INFO ] 2020-06-16 15:09:17.911 MitrangApplication - Starting MitrangApplication on admin-pc with PID 8329 (/home/adminpc/mitrang/target/classes started by adminpc in /home/adminpc/mitrang)
[DEBUG] 2020-06-16 15:09:17.969 MitrangApplication - Running with Spring Boot v2.3.0.RELEASE, Spring v5.2.6.RELEASE
[INFO ] 2020-06-16 15:09:17.970 MitrangApplication - No active profile set, falling back to default profiles: default
[INFO ] 2020-06-16 15:09:25.108 MitrangApplication - Started MitrangApplication in 7.82 seconds (JVM running for 10.371)
[INFO ] 2020-06-16 15:19:05.377 MitrangApplication - Starting MitrangApplication on admin-pc with PID 8863 (/home/adminpc/mitrang/target/classes started by adminpc in /home/adminpc/mitrang)
[DEBUG] 2020-06-16 15:19:05.388 MitrangApplication - Running with Spring Boot v2.3.0.RELEASE, Spring v5.2.6.RELEASE
[INFO ] 2020-06-16 15:19:05.389 MitrangApplication - No active profile set, falling back to default profiles: default
[INFO ] 2020-06-16 15:19:11.810 MitrangApplication - Started MitrangApplication in 6.986 seconds (JVM running for 9.631)
[INFO ] 2020-06-16 15:20:19.453 MitrangApplication - Starting MitrangApplication on admin-pc with PID 9154 (/home/adminpc/mitrang/target/classes started by adminpc in /home/adminpc/mitrang)
[DEBUG] 2020-06-16 15:20:19.463 MitrangApplication - Running with Spring Boot v2.3.0.RELEASE, Spring v5.2.6.RELEASE
[INFO ] 2020-06-16 15:20:19.463 MitrangApplication - No active profile set, falling back to default profiles: default
[INFO ] 2020-06-16 15:20:26.820 MitrangApplication - Started MitrangApplication in 7.878 seconds (JVM running for 10.247)
[INFO ] 2020-06-16 15:23:19.641 MitrangApplication - Starting MitrangApplication on admin-pc with PID 9490 (/home/adminpc/mitrang/target/classes started by adminpc in /home/adminpc/mitrang)
[DEBUG] 2020-06-16 15:23:19.653 MitrangApplication - Running with Spring Boot v2.3.0.RELEASE, Spring v5.2.6.RELEASE
[INFO ] 2020-06-16 15:23:19.653 MitrangApplication - No active profile set, falling back to default profiles: default
[INFO ] 2020-06-16 15:23:26.600 MitrangApplication - Started MitrangApplication in 7.582 seconds (JVM running for 10.094)
[INFO ] 2020-06-16 16:24:26.596 MitrangApplication - Starting MitrangApplication on admin-pc with PID 10462 (/home/adminpc/mitrang/target/classes started by adminpc in /home/adminpc/mitrang)
[DEBUG] 2020-06-16 16:24:26.608 MitrangApplication - Running with Spring Boot v2.3.0.RELEASE, Spring v5.2.6.RELEASE
[INFO ] 2020-06-16 16:24:26.609 MitrangApplication - No active profile set, falling back to default profiles: default
[INFO ] 2020-06-16 16:24:34.421 MitrangApplication - Started MitrangApplication in 8.376 seconds (JVM running for 11.562)
[INFO ] 2020-06-16 16:27:33.175 MitrangApplication - Starting MitrangApplication on admin-pc with PID 10761 (/home/adminpc/mitrang/target/classes started by adminpc in /home/adminpc/mitrang)
[DEBUG] 2020-06-16 16:27:33.187 MitrangApplication - Running with Spring Boot v2.3.0.RELEASE, Spring v5.2.6.RELEASE
[INFO ] 2020-06-16 16:27:33.188 MitrangApplication - No active profile set, falling back to default profiles: default
[INFO ] 2020-06-16 16:27:41.094 MitrangApplication - Started MitrangApplication in 8.521 seconds (JVM running for 10.781)
[INFO ] 2020-06-16 16:29:05.096 MitrangApplication - Starting MitrangApplication on admin-pc with PID 11032 (/home/adminpc/mitrang/target/classes started by adminpc in /home/adminpc/mitrang)
[DEBUG] 2020-06-16 16:29:05.107 MitrangApplication - Running with Spring Boot v2.3.0.RELEASE, Spring v5.2.6.RELEASE
[INFO ] 2020-06-16 16:29:05.108 MitrangApplication - No active profile set, falling back to default profiles: default
[INFO ] 2020-06-16 16:29:12.559 MitrangApplication - Started MitrangApplication in 8.045 seconds (JVM running for 10.576)
[INFO ] 2020-06-16 16:32:57.353 MitrangApplication - Starting MitrangApplication on admin-pc with PID 11420 (/home/adminpc/mitrang/target/classes started by adminpc in /home/adminpc/mitrang)
[DEBUG] 2020-06-16 16:32:57.372 MitrangApplication - Running with Spring Boot v2.3.0.RELEASE, Spring v5.2.6.RELEASE
[INFO ] 2020-06-16 16:32:57.376 MitrangApplication - No active profile set, falling back to default profiles: default
[INFO ] 2020-06-16 16:33:06.097 MitrangApplication - Started MitrangApplication in 9.308 seconds (JVM running for 12.697)
[INFO ] 2020-06-16 16:46:43.124 MitrangApplication - Starting MitrangApplication on admin-pc with PID 12104 (/home/adminpc/mitrang/target/classes started by adminpc in /home/adminpc/mitrang)
[DEBUG] 2020-06-16 16:46:43.135 MitrangApplication - Running with Spring Boot v2.3.0.RELEASE, Spring v5.2.6.RELEASE
[INFO ] 2020-06-16 16:46:43.135 MitrangApplication - No active profile set, falling back to default profiles: default
[INFO ] 2020-06-16 16:46:50.213 MitrangApplication - Started MitrangApplication in 7.619 seconds (JVM running for 10.035)
[INFO ] 2020-06-16 17:05:12.916 MitrangApplication - Starting MitrangApplication on admin-pc with PID 12591 (/home/adminpc/mitrang/target/classes started by adminpc in /home/adminpc/mitrang)
[DEBUG] 2020-06-16 17:05:12.926 MitrangApplication - Running with Spring Boot v2.3.0.RELEASE, Spring v5.2.6.RELEASE
[INFO ] 2020-06-16 17:05:12.927 MitrangApplication - No active profile set, falling back to default profiles: default
[INFO ] 2020-06-16 17:05:20.228 MitrangApplication - Started MitrangApplication in 7.933 seconds (JVM running for 10.536)
[INFO ] 2020-06-16 17:12:39.699 MitrangApplication - Starting MitrangApplication on admin-pc with PID 12934 (/home/adminpc/mitrang/target/classes started by adminpc in /home/adminpc/mitrang)
[DEBUG] 2020-06-16 17:12:39.715 MitrangApplication - Running with Spring Boot v2.3.0.RELEASE, Spring v5.2.6.RELEASE
[INFO ] 2020-06-16 17:12:39.716 MitrangApplication - No active profile set, falling back to default profiles: default
[INFO ] 2020-06-16 17:12:46.508 MitrangApplication - Started MitrangApplication in 7.394 seconds (JVM running for 9.887)
[INFO ] 2020-06-16 17:21:54.183 MitrangApplication - Starting MitrangApplication on admin-pc with PID 13497 (/home/adminpc/mitrang/target/classes started by adminpc in /home/adminpc/mitrang)
[DEBUG] 2020-06-16 17:21:54.201 MitrangApplication - Running with Spring Boot v2.3.0.RELEASE, Spring v5.2.6.RELEASE
[INFO ] 2020-06-16 17:21:54.202 MitrangApplication - No active profile set, falling back to default profiles: default
[INFO ] 2020-06-16 17:22:00.546 MitrangApplication - Started MitrangApplication in 6.919 seconds (JVM running for 9.458)
[INFO ] 2020-06-16 17:39:04.689 MitrangApplication - Starting MitrangApplication on admin-pc with PID 14398 (/home/adminpc/mitrang/target/classes started by adminpc in /home/adminpc/mitrang)
[DEBUG] 2020-06-16 17:39:04.700 MitrangApplication - Running with Spring Boot v2.3.0.RELEASE, Spring v5.2.6.RELEASE
[INFO ] 2020-06-16 17:39:04.708 MitrangApplication - No active profile set, falling back to default profiles: default
[INFO ] 2020-06-16 17:39:13.110 MitrangApplication - Started MitrangApplication in 9.093 seconds (JVM running for 11.571)
[INFO ] 2020-06-16 18:33:52.743 MitrangApplication - Starting MitrangApplication on admin-pc with PID 15716 (/home/adminpc/mitrang/target/classes started by adminpc in /home/adminpc/mitrang)
[DEBUG] 2020-06-16 18:33:52.752 MitrangApplication - Running with Spring Boot v2.3.0.RELEASE, Spring v5.2.6.RELEASE
[INFO ] 2020-06-16 18:33:52.753 MitrangApplication - No active profile set, falling back to default profiles: default
[INFO ] 2020-06-16 18:33:59.607 MitrangApplication - Started MitrangApplication in 7.391 seconds (JVM running for 10.048)
[INFO ] 2020-06-17 15:59:18.695 MitrangApplication - Starting MitrangApplication on admin-pc with PID 4196 (/home/adminpc/mitrang/target/classes started by adminpc in /home/adminpc/mitrang)
[DEBUG] 2020-06-17 15:59:18.707 MitrangApplication - Running with Spring Boot v2.3.0.RELEASE, Spring v5.2.6.RELEASE
[INFO ] 2020-06-17 15:59:18.708 MitrangApplication - No active profile set, falling back to default profiles: default
[INFO ] 2020-06-17 15:59:28.854 MitrangApplication - Started MitrangApplication in 11.41 seconds (JVM running for 17.489)
[INFO ] 2020-06-18 11:36:40.822 MitrangApplication - Starting MitrangApplication on admin-pc with PID 7844 (/home/adminpc/mitrang/target/classes started by adminpc in /home/adminpc/mitrang)
[DEBUG] 2020-06-18 11:36:40.838 MitrangApplication - Running with Spring Boot v2.3.0.RELEASE, Spring v5.2.6.RELEASE
[INFO ] 2020-06-18 11:36:40.839 MitrangApplication - No active profile set, falling back to default profiles: default
[INFO ] 2020-06-18 11:36:54.127 MitrangApplication - Started MitrangApplication in 13.92 seconds (JVM running for 17.968)
[INFO ] 2020-06-18 23:50:52.147 MitrangApplication - Starting MitrangApplication on admin-pc with PID 19552 (/home/adminpc/mitrang/target/classes started by adminpc in /home/adminpc/mitrang)
[DEBUG] 2020-06-18 23:50:52.172 MitrangApplication - Running with Spring Boot v2.3.0.RELEASE, Spring v5.2.6.RELEASE
[INFO ] 2020-06-18 23:50:52.172 MitrangApplication - No active profile set, falling back to default profiles: default
[INFO ] 2020-06-18 23:50:58.686 MitrangApplication - Started MitrangApplication in 7.143 seconds (JVM running for 10.015)
[INFO ] 2020-06-20 20:03:32.753 MitrangApplication - Starting MitrangApplication on admin-pc with PID 3584 (/home/adminpc/mitrang/target/classes started by adminpc in /home/adminpc/mitrang)
[DEBUG] 2020-06-20 20:03:32.763 MitrangApplication - Running with Spring Boot v2.3.0.RELEASE, Spring v5.2.6.RELEASE
[INFO ] 2020-06-20 20:03:32.764 MitrangApplication - No active profile set, falling back to default profiles: default
[INFO ] 2020-06-20 20:03:41.188 MitrangApplication - Started MitrangApplication in 8.954 seconds (JVM running for 13.458)
[INFO ] 2020-06-20 22:44:24.128 MitrangApplication - Starting MitrangApplication on admin-pc with PID 8248 (/home/adminpc/mitrang/target/classes started by adminpc in /home/adminpc/mitrang)
[DEBUG] 2020-06-20 22:44:24.139 MitrangApplication - Running with Spring Boot v2.3.0.RELEASE, Spring v5.2.6.RELEASE
[INFO ] 2020-06-20 22:44:24.140 MitrangApplication - No active profile set, falling back to default profiles: default
[INFO ] 2020-06-20 22:44:30.307 MitrangApplication - Started MitrangApplication in 6.708 seconds (JVM running for 9.436)
[INFO ] 2020-06-20 22:45:33.322 MitrangApplication - Starting MitrangApplication on admin-pc with PID 8528 (/home/adminpc/mitrang/target/classes started by adminpc in /home/adminpc/mitrang)
[DEBUG] 2020-06-20 22:45:33.330 MitrangApplication - Running with Spring Boot v2.3.0.RELEASE, Spring v5.2.6.RELEASE
[INFO ] 2020-06-20 22:45:33.331 MitrangApplication - No active profile set, falling back to default profiles: default
[INFO ] 2020-06-20 22:45:41.954 MitrangApplication - Started MitrangApplication in 9.187 seconds (JVM running for 12.634)
[INFO ] 2020-06-20 22:45:56.251 MitrangApplication - Starting MitrangApplication on admin-pc with PID 8789 (/home/adminpc/mitrang/target/classes started by adminpc in /home/adminpc/mitrang)
[DEBUG] 2020-06-20 22:45:56.258 MitrangApplication - Running with Spring Boot v2.3.0.RELEASE, Spring v5.2.6.RELEASE
[INFO ] 2020-06-20 22:45:56.258 MitrangApplication - No active profile set, falling back to default profiles: default
[INFO ] 2020-06-20 22:46:01.346 MitrangApplication - Started MitrangApplication in 5.551 seconds (JVM running for 11.284)
[INFO ] 2020-06-20 22:50:28.307 MitrangApplication - Starting MitrangApplication on admin-pc with PID 9441 (/home/adminpc/mitrang/target/classes started by adminpc in /home/adminpc/mitrang)
[DEBUG] 2020-06-20 22:50:28.315 MitrangApplication - Running with Spring Boot v2.3.0.RELEASE, Spring v5.2.6.RELEASE
[INFO ] 2020-06-20 22:50:28.315 MitrangApplication - No active profile set, falling back to default profiles: default
[INFO ] 2020-06-20 22:50:33.448 MitrangApplication - Started MitrangApplication in 5.519 seconds (JVM running for 7.265)
[INFO ] 2020-06-20 22:51:29.141 MitrangApplication - Starting MitrangApplication on admin-pc with PID 9707 (/home/adminpc/mitrang/target/classes started by adminpc in /home/adminpc/mitrang)
[DEBUG] 2020-06-20 22:51:29.149 MitrangApplication - Running with Spring Boot v2.3.0.RELEASE, Spring v5.2.6.RELEASE
[INFO ] 2020-06-20 22:51:29.150 MitrangApplication - No active profile set, falling back to default profiles: default
[INFO ] 2020-06-20 22:51:35.905 MitrangApplication - Started MitrangApplication in 7.288 seconds (JVM running for 9.285)
[INFO ] 2020-06-20 22:53:36.834 MitrangApplication - Starting MitrangApplication on admin-pc with PID 10098 (/home/adminpc/mitrang/target/classes started by adminpc in /home/adminpc/mitrang)
[DEBUG] 2020-06-20 22:53:36.841 MitrangApplication - Running with Spring Boot v2.3.0.RELEASE, Spring v5.2.6.RELEASE
[INFO ] 2020-06-20 22:53:36.842 MitrangApplication - No active profile set, falling back to default profiles: default
[INFO ] 2020-06-20 22:53:42.266 MitrangApplication - Started MitrangApplication in 5.877 seconds (JVM running for 8.593)
[INFO ] 2020-06-20 22:53:52.395 MitrangApplication - Starting MitrangApplication on admin-pc with PID 10356 (/home/adminpc/mitrang/target/classes started by adminpc in /home/adminpc/mitrang)
[DEBUG] 2020-06-20 22:53:52.412 MitrangApplication - Running with Spring Boot v2.3.0.RELEASE, Spring v5.2.6.RELEASE
[INFO ] 2020-06-20 22:53:52.413 MitrangApplication - No active profile set, falling back to default profiles: default
[INFO ] 2020-06-20 22:54:03.576 MitrangApplication - Started MitrangApplication in 11.776 seconds (JVM running for 14.611)
[INFO ] 2020-06-20 22:56:12.814 MitrangApplication - Starting MitrangApplication on admin-pc with PID 10648 (/home/adminpc/mitrang/target/classes started by adminpc in /home/adminpc/mitrang)
[DEBUG] 2020-06-20 22:56:12.824 MitrangApplication - Running with Spring Boot v2.3.0.RELEASE, Spring v5.2.6.RELEASE
[INFO ] 2020-06-20 22:56:12.825 MitrangApplication - No active profile set, falling back to default profiles: default
[INFO ] 2020-06-20 22:56:21.333 MitrangApplication - Started MitrangApplication in 9.893 seconds (JVM running for 12.697)
[INFO ] 2020-06-20 23:45:30.663 MitrangApplication - Starting MitrangApplication on admin-pc with PID 11511 (/home/adminpc/mitrang/target/classes started by adminpc in /home/adminpc/mitrang)
[DEBUG] 2020-06-20 23:45:30.678 MitrangApplication - Running with Spring Boot v2.3.0.RELEASE, Spring v5.2.6.RELEASE
[INFO ] 2020-06-20 23:45:30.679 MitrangApplication - No active profile set, falling back to default profiles: default
[INFO ] 2020-06-20 23:45:36.832 MitrangApplication - Started MitrangApplication in 6.651 seconds (JVM running for 9.041)
[INFO ] 2020-06-20 23:52:13.879 MitrangApplication - Starting MitrangApplication on admin-pc with PID 11868 (/home/adminpc/mitrang/target/classes started by adminpc in /home/adminpc/mitrang)
[DEBUG] 2020-06-20 23:52:13.890 MitrangApplication - Running with Spring Boot v2.3.0.RELEASE, Spring v5.2.6.RELEASE
[INFO ] 2020-06-20 23:52:13.891 MitrangApplication - No active profile set, falling back to default profiles: default
[INFO ] 2020-06-20 23:52:19.999 MitrangApplication - Started MitrangApplication in 6.594 seconds (JVM running for 8.85)
[INFO ] 2020-06-20 23:59:23.242 MitrangApplication - Starting MitrangApplication on admin-pc with PID 12353 (/home/adminpc/mitrang/target/classes started by adminpc in /home/adminpc/mitrang)
[DEBUG] 2020-06-20 23:59:23.251 MitrangApplication - Running with Spring Boot v2.3.0.RELEASE, Spring v5.2.6.RELEASE
[INFO ] 2020-06-20 23:59:23.252 MitrangApplication - No active profile set, falling back to default profiles: default
[INFO ] 2020-06-20 23:59:29.317 MitrangApplication - Started MitrangApplication in 6.611 seconds (JVM running for 8.736)
[INFO ] 2020-06-21 11:52:01.979 MitrangApplication - Starting MitrangApplication on admin-pc with PID 4004 (/home/adminpc/mitrang/target/classes started by adminpc in /home/adminpc/mitrang)
[DEBUG] 2020-06-21 11:52:01.991 MitrangApplication - Running with Spring Boot v2.3.0.RELEASE, Spring v5.2.6.RELEASE
[INFO ] 2020-06-21 11:52:01.991 MitrangApplication - No active profile set, falling back to default profiles: default
[INFO ] 2020-06-21 11:52:10.271 MitrangApplication - Started MitrangApplication in 8.905 seconds (JVM running for 12.678)
[INFO ] 2020-06-21 20:38:53.737 ProductService - Inside add media service method
[INFO ] 2020-06-21 20:39:41.570 MitrangApplication - Starting MitrangApplication on admin-pc with PID 12741 (/home/adminpc/mitrang/target/classes started by adminpc in /home/adminpc/mitrang)
[DEBUG] 2020-06-21 20:39:41.580 MitrangApplication - Running with Spring Boot v2.3.0.RELEASE, Spring v5.2.6.RELEASE
[INFO ] 2020-06-21 20:39:41.581 MitrangApplication - No active profile set, falling back to default profiles: default
[INFO ] 2020-06-21 20:39:47.860 MitrangApplication - Started MitrangApplication in 6.815 seconds (JVM running for 9.273)
[INFO ] 2020-06-21 20:40:27.769 ProductService - Inside add media service method
[INFO ] 2020-06-21 20:45:22.725 MitrangApplication - Starting MitrangApplication on admin-pc with PID 13194 (/home/adminpc/mitrang/target/classes started by adminpc in /home/adminpc/mitrang)
[DEBUG] 2020-06-21 20:45:22.733 MitrangApplication - Running with Spring Boot v2.3.0.RELEASE, Spring v5.2.6.RELEASE
[INFO ] 2020-06-21 20:45:22.734 MitrangApplication - No active profile set, falling back to default profiles: default
[INFO ] 2020-06-21 20:45:27.870 MitrangApplication - Started MitrangApplication in 5.549 seconds (JVM running for 7.356)
[INFO ] 2020-06-21 20:46:06.094 ProductService - Inside add media service method
[INFO ] 2020-06-21 20:49:00.949 MitrangApplication - Starting MitrangApplication on admin-pc with PID 13628 (/home/adminpc/mitrang/target/classes started by adminpc in /home/adminpc/mitrang)
[DEBUG] 2020-06-21 20:49:00.960 MitrangApplication - Running with Spring Boot v2.3.0.RELEASE, Spring v5.2.6.RELEASE
[INFO ] 2020-06-21 20:49:00.961 MitrangApplication - No active profile set, falling back to default profiles: default
[INFO ] 2020-06-21 20:49:06.794 MitrangApplication - Started MitrangApplication in 6.367 seconds (JVM running for 8.779)
[INFO ] 2020-06-21 20:50:49.421 MitrangApplication - Starting MitrangApplication on admin-pc with PID 13912 (/home/adminpc/mitrang/target/classes started by adminpc in /home/adminpc/mitrang)
[DEBUG] 2020-06-21 20:50:49.430 MitrangApplication - Running with Spring Boot v2.3.0.RELEASE, Spring v5.2.6.RELEASE
[INFO ] 2020-06-21 20:50:49.430 MitrangApplication - No active profile set, falling back to default profiles: default
[INFO ] 2020-06-21 20:50:55.517 MitrangApplication - Started MitrangApplication in 6.586 seconds (JVM running for 8.982)
[INFO ] 2020-06-21 20:51:29.851 ProductService - Inside add media service method
[INFO ] 2020-06-21 21:26:48.630 ProductService - Inside add media service method
[INFO ] 2020-06-21 21:27:35.762 ProductService - Inside add media service method
[INFO ] 2020-06-25 15:37:48.642 MitrangApplication - Starting MitrangApplication on admin-pc with PID 7191 (/home/adminpc/mitrang/target/classes started by adminpc in /home/adminpc/mitrang)
[DEBUG] 2020-06-25 15:37:48.654 MitrangApplication - Running with Spring Boot v2.3.0.RELEASE, Spring v5.2.6.RELEASE
[INFO ] 2020-06-25 15:37:48.654 MitrangApplication - No active profile set, falling back to default profiles: default
[INFO ] 2020-06-25 15:37:58.958 MitrangApplication - Started MitrangApplication in 10.946 seconds (JVM running for 15.303)
[INFO ] 2020-06-25 16:26:57.020 MitrangApplication - Starting MitrangApplication on admin-pc with PID 7898 (/home/adminpc/mitrang/target/classes started by adminpc in /home/adminpc/mitrang)
[DEBUG] 2020-06-25 16:26:57.031 MitrangApplication - Running with Spring Boot v2.3.0.RELEASE, Spring v5.2.6.RELEASE
[INFO ] 2020-06-25 16:26:57.032 MitrangApplication - No active profile set, falling back to default profiles: default
[INFO ] 2020-06-25 16:27:05.083 MitrangApplication - Started MitrangApplication in 8.709 seconds (JVM running for 13.164)
[INFO ] 2020-06-25 16:32:37.464 ProductService - Inside add media service method
[INFO ] 2020-06-25 16:32:57.022 ProductService - Inside add media service method
[INFO ] 2020-06-25 16:33:38.430 ProductService - Inside add media service method
[INFO ] 2020-06-25 16:33:51.672 ProductService - Inside add media service method
[INFO ] 2020-06-25 16:34:29.321 ProductService - Inside add media service method
[INFO ] 2020-06-25 17:14:47.998 ProductService - Inside add media service method
[INFO ] 2020-06-25 17:18:14.128 MitrangApplication - Starting MitrangApplication on admin-pc with PID 10090 (/home/adminpc/mitrang/target/classes started by adminpc in /home/adminpc/mitrang)
[DEBUG] 2020-06-25 17:18:14.137 MitrangApplication - Running with Spring Boot v2.3.0.RELEASE, Spring v5.2.6.RELEASE
[INFO ] 2020-06-25 17:18:14.138 MitrangApplication - No active profile set, falling back to default profiles: default
[INFO ] 2020-06-25 17:18:20.779 MitrangApplication - Started MitrangApplication in 7.149 seconds (JVM running for 9.647)
[INFO ] 2020-06-25 17:19:48.824 ProductService - Inside add media service method
[INFO ] 2020-06-25 17:21:17.843 MitrangApplication - Starting MitrangApplication on admin-pc with PID 10420 (/home/adminpc/mitrang/target/classes started by adminpc in /home/adminpc/mitrang)
[DEBUG] 2020-06-25 17:21:17.856 MitrangApplication - Running with Spring Boot v2.3.0.RELEASE, Spring v5.2.6.RELEASE
[INFO ] 2020-06-25 17:21:17.864 MitrangApplication - No active profile set, falling back to default profiles: default
[INFO ] 2020-06-25 17:21:24.557 MitrangApplication - Started MitrangApplication in 7.244 seconds (JVM running for 9.66)
[INFO ] 2020-06-25 17:22:33.473 MitrangApplication - Starting MitrangApplication on admin-pc with PID 10690 (/home/adminpc/mitrang/target/classes started by adminpc in /home/adminpc/mitrang)
[DEBUG] 2020-06-25 17:22:33.498 MitrangApplication - Running with Spring Boot v2.3.0.RELEASE, Spring v5.2.6.RELEASE
[INFO ] 2020-06-25 17:22:33.499 MitrangApplication - No active profile set, falling back to default profiles: default
[INFO ] 2020-06-25 17:22:40.046 MitrangApplication - Started MitrangApplication in 7.097 seconds (JVM running for 9.475)
[INFO ] 2020-06-25 17:23:32.719 MitrangApplication - Starting MitrangApplication on admin-pc with PID 10952 (/home/adminpc/mitrang/target/classes started by adminpc in /home/adminpc/mitrang)
[DEBUG] 2020-06-25 17:23:32.728 MitrangApplication - Running with Spring Boot v2.3.0.RELEASE, Spring v5.2.6.RELEASE
[INFO ] 2020-06-25 17:23:32.729 MitrangApplication - No active profile set, falling back to default profiles: default
[INFO ] 2020-06-25 17:23:39.275 MitrangApplication - Started MitrangApplication in 7.064 seconds (JVM running for 9.445)
[INFO ] 2020-06-25 19:12:27.154 MitrangApplication - Starting MitrangApplication on admin-pc with PID 13473 (/home/adminpc/mitrang/target/classes started by adminpc in /home/adminpc/mitrang)
[DEBUG] 2020-06-25 19:12:27.164 MitrangApplication - Running with Spring Boot v2.3.0.RELEASE, Spring v5.2.6.RELEASE
[INFO ] 2020-06-25 19:12:27.165 MitrangApplication - No active profile set, falling back to default profiles: default
[INFO ] 2020-06-25 19:12:33.481 MitrangApplication - Started MitrangApplication in 6.831 seconds (JVM running for 9.115)
[INFO ] 2020-06-25 22:29:41.209 MitrangApplication - Starting MitrangApplication on admin-pc with PID 17332 (/home/adminpc/mitrang/target/classes started by adminpc in /home/adminpc/mitrang)
[DEBUG] 2020-06-25 22:29:41.220 MitrangApplication - Running with Spring Boot v2.3.0.RELEASE, Spring v5.2.6.RELEASE
[INFO ] 2020-06-25 22:29:41.221 MitrangApplication - No active profile set, falling back to default profiles: default
[INFO ] 2020-06-25 22:29:47.601 MitrangApplication - Started MitrangApplication in 6.915 seconds (JVM running for 9.238)
[INFO ] 2020-06-25 22:42:23.287 MitrangApplication - Starting MitrangApplication on admin-pc with PID 18041 (/home/adminpc/mitrang/target/classes started by adminpc in /home/adminpc/mitrang)
[DEBUG] 2020-06-25 22:42:23.298 MitrangApplication - Running with Spring Boot v2.3.0.RELEASE, Spring v5.2.6.RELEASE
[INFO ] 2020-06-25 22:42:23.299 MitrangApplication - No active profile set, falling back to default profiles: default
[INFO ] 2020-06-25 22:42:29.634 MitrangApplication - Started MitrangApplication in 6.876 seconds (JVM running for 9.124)
[INFO ] 2020-06-26 01:24:32.437 ProductService - Inside add media service method
[INFO ] 2020-06-26 16:54:42.308 MitrangApplication - Starting MitrangApplication on admin-pc with PID 5295 (/home/adminpc/mitrang/target/classes started by adminpc in /home/adminpc/mitrang)
[DEBUG] 2020-06-26 16:54:42.321 MitrangApplication - Running with Spring Boot v2.3.0.RELEASE, Spring v5.2.6.RELEASE
[INFO ] 2020-06-26 16:54:42.322 MitrangApplication - No active profile set, falling back to default profiles: default
[INFO ] 2020-06-26 16:54:50.233 MitrangApplication - Started MitrangApplication in 8.476 seconds (JVM running for 12.089)
[INFO ] 2020-06-27 21:51:20.122 MitrangApplication - Starting MitrangApplication on admin-pc with PID 21690 (/home/adminpc/mitrang/target/classes started by adminpc in /home/adminpc/mitrang)
[DEBUG] 2020-06-27 21:51:20.145 MitrangApplication - Running with Spring Boot v2.3.0.RELEASE, Spring v5.2.6.RELEASE
[INFO ] 2020-06-27 21:51:20.147 MitrangApplication - No active profile set, falling back to default profiles: default
[INFO ] 2020-06-27 21:51:26.701 MitrangApplication - Started MitrangApplication in 7.176 seconds (JVM running for 9.745)
[INFO ] 2020-06-27 22:08:01.627 MitrangApplication - Starting MitrangApplication on admin-pc with PID 22495 (/home/adminpc/mitrang/target/classes started by adminpc in /home/adminpc/mitrang)
[DEBUG] 2020-06-27 22:08:01.645 MitrangApplication - Running with Spring Boot v2.3.0.RELEASE, Spring v5.2.6.RELEASE
[INFO ] 2020-06-27 22:08:01.646 MitrangApplication - No active profile set, falling back to default profiles: default
[INFO ] 2020-06-27 22:08:07.782 MitrangApplication - Started MitrangApplication in 6.706 seconds (JVM running for 9.318)
[INFO ] 2020-06-27 22:45:58.405 MitrangApplication - Starting MitrangApplication on admin-pc with PID 23631 (/home/adminpc/mitrang/target/classes started by adminpc in /home/adminpc/mitrang)
[DEBUG] 2020-06-27 22:45:58.415 MitrangApplication - Running with Spring Boot v2.3.0.RELEASE, Spring v5.2.6.RELEASE
[INFO ] 2020-06-27 22:45:58.416 MitrangApplication - No active profile set, falling back to default profiles: default
[INFO ] 2020-06-27 22:46:05.124 MitrangApplication - Started MitrangApplication in 7.265 seconds (JVM running for 10.329)
[INFO ] 2020-06-27 22:53:33.007 MitrangApplication - Starting MitrangApplication on admin-pc with PID 24036 (/home/adminpc/mitrang/target/classes started by adminpc in /home/adminpc/mitrang)
[DEBUG] 2020-06-27 22:53:33.017 MitrangApplication - Running with Spring Boot v2.3.0.RELEASE, Spring v5.2.6.RELEASE
[INFO ] 2020-06-27 22:53:33.017 MitrangApplication - No active profile set, falling back to default profiles: default
[INFO ] 2020-06-27 22:53:39.493 MitrangApplication - Started MitrangApplication in 6.976 seconds (JVM running for 9.307)
[INFO ] 2020-06-27 22:54:48.407 MitrangApplication - Starting MitrangApplication on admin-pc with PID 24301 (/home/adminpc/mitrang/target/classes started by adminpc in /home/adminpc/mitrang)
[DEBUG] 2020-06-27 22:54:48.420 MitrangApplication - Running with Spring Boot v2.3.0.RELEASE, Spring v5.2.6.RELEASE
[INFO ] 2020-06-27 22:54:48.421 MitrangApplication - No active profile set, falling back to default profiles: default
[INFO ] 2020-06-27 22:54:55.060 MitrangApplication - Started MitrangApplication in 7.182 seconds (JVM running for 9.493)
[INFO ] 2020-06-28 00:07:42.581 MitrangApplication - Starting MitrangApplication on admin-pc with PID 25515 (/home/adminpc/mitrang/target/classes started by adminpc in /home/adminpc/mitrang)
[DEBUG] 2020-06-28 00:07:42.600 MitrangApplication - Running with Spring Boot v2.3.0.RELEASE, Spring v5.2.6.RELEASE
[INFO ] 2020-06-28 00:07:42.601 MitrangApplication - No active profile set, falling back to default profiles: default
[INFO ] 2020-06-28 00:07:49.207 MitrangApplication - Started MitrangApplication in 7.208 seconds (JVM running for 9.595)
[INFO ] 2020-06-30 17:57:32.825 MitrangApplication - Starting MitrangApplication on admin-pc with PID 4059 (/home/adminpc/mitrang/target/classes started by adminpc in /home/adminpc/mitrang)
[DEBUG] 2020-06-30 17:57:32.835 MitrangApplication - Running with Spring Boot v2.3.0.RELEASE, Spring v5.2.6.RELEASE
[INFO ] 2020-06-30 17:57:32.835 MitrangApplication - No active profile set, falling back to default profiles: default
[INFO ] 2020-06-30 17:57:39.717 MitrangApplication - Started MitrangApplication in 7.481 seconds (JVM running for 11.115)
[INFO ] 2020-07-02 19:44:22.508 MitrangApplication - Starting MitrangApplication on admin-pc with PID 2936 (/home/adminpc/mitrang/target/classes started by adminpc in /home/adminpc/mitrang)
[DEBUG] 2020-07-02 19:44:22.519 MitrangApplication - Running with Spring Boot v2.3.0.RELEASE, Spring v5.2.6.RELEASE
[INFO ] 2020-07-02 19:44:22.520 MitrangApplication - No active profile set, falling back to default profiles: default
[INFO ] 2020-07-02 19:44:36.817 MitrangApplication - Started MitrangApplication in 14.852 seconds (JVM running for 18.038)
[INFO ] 2020-07-03 16:02:22.896 MitrangApplication - Starting MitrangApplication on admin-pc with PID 2885 (/home/adminpc/mitrang/target/classes started by adminpc in /home/adminpc/mitrang)
[DEBUG] 2020-07-03 16:02:22.916 MitrangApplication - Running with Spring Boot v2.3.0.RELEASE, Spring v5.2.6.RELEASE
[INFO ] 2020-07-03 16:02:22.917 MitrangApplication - No active profile set, falling back to default profiles: default
[INFO ] 2020-07-03 16:02:30.642 MitrangApplication - Started MitrangApplication in 8.358 seconds (JVM running for 12.013)
[INFO ] 2020-07-03 19:21:08.774 ProductService - Inside add media service method
[INFO ] 2020-07-03 19:50:45.291 ProductService - Inside add media service method
[INFO ] 2020-07-03 20:43:04.256 ProductService - Inside add media service method
[INFO ] 2020-07-03 23:33:18.869 ProductService - Inside add media service method
[INFO ] 2020-07-03 23:35:59.904 ProductService - Inside add media service method
[INFO ] 2020-07-04 13:59:52.886 MitrangApplication - Starting MitrangApplication on admin-pc with PID 3247 (/home/adminpc/mitrang/target/classes started by adminpc in /home/adminpc/mitrang)
[DEBUG] 2020-07-04 13:59:52.914 MitrangApplication - Running with Spring Boot v2.3.0.RELEASE, Spring v5.2.6.RELEASE
[INFO ] 2020-07-04 13:59:52.915 MitrangApplication - No active profile set, falling back to default profiles: default
[INFO ] 2020-07-04 14:00:05.567 MitrangApplication - Started MitrangApplication in 14.125 seconds (JVM running for 23.028)
[INFO ] 2020-07-04 19:41:25.166 ProductService - Inside add media service method
[INFO ] 2020-07-04 19:41:41.474 ProductService - Inside add media service method
[INFO ] 2020-07-04 19:41:50.585 ProductService - Inside add media service method
[INFO ] 2020-08-30 09:54:26.784 MitrangApplication - Starting MitrangApplication on admin-pc with PID 5854 (/home/adminpc/mitrang/target/classes started by adminpc in /home/adminpc/mitrang)
[DEBUG] 2020-08-30 09:54:26.804 MitrangApplication - Running with Spring Boot v2.3.0.RELEASE, Spring v5.2.6.RELEASE
[INFO ] 2020-08-30 09:54:26.807 MitrangApplication - No active profile set, falling back to default profiles: default
[INFO ] 2020-08-30 09:54:32.529 MitrangApplication - Started MitrangApplication in 6.235 seconds (JVM running for 8.475)
[INFO ] 2020-09-04 20:18:18.864 MitrangApplication - Starting MitrangApplication on admin-pc with PID 7110 (/home/adminpc/new-project/maz/target/classes started by adminpc in /home/adminpc/new-project/maz)
[DEBUG] 2020-09-04 20:18:18.893 MitrangApplication - Running with Spring Boot v2.3.0.RELEASE, Spring v5.2.6.RELEASE
[INFO ] 2020-09-04 20:18:18.895 MitrangApplication - No active profile set, falling back to default profiles: default
[INFO ] 2020-09-04 20:18:24.784 MitrangApplication - Started MitrangApplication in 6.425 seconds (JVM running for 8.669)
[INFO ] 2020-09-04 23:44:22.599 MitrangApplication - Starting MitrangApplication on admin-pc with PID 2764 (/home/adminpc/new-project/maz/target/classes started by adminpc in /home/adminpc/new-project/maz)
[DEBUG] 2020-09-04 23:44:22.606 MitrangApplication - Running with Spring Boot v2.3.0.RELEASE, Spring v5.2.6.RELEASE
[INFO ] 2020-09-04 23:44:22.606 MitrangApplication - No active profile set, falling back to default profiles: default
[INFO ] 2020-09-04 23:44:29.014 MitrangApplication - Started MitrangApplication in 6.928 seconds (JVM running for 9.355)
[INFO ] 2020-09-05 00:23:33.590 MitrangApplication - Starting MitrangApplication on admin-pc with PID 4351 (/home/adminpc/new-project/maz/target/classes started by adminpc in /home/adminpc/new-project/maz)
[DEBUG] 2020-09-05 00:23:33.597 MitrangApplication - Running with Spring Boot v2.3.0.RELEASE, Spring v5.2.6.RELEASE
[INFO ] 2020-09-05 00:23:33.598 MitrangApplication - No active profile set, falling back to default profiles: default
[INFO ] 2020-09-05 00:25:47.301 MitrangApplication - Starting MitrangApplication on admin-pc with PID 4612 (/home/adminpc/new-project/maz/target/classes started by adminpc in /home/adminpc/new-project/maz)
[DEBUG] 2020-09-05 00:25:47.308 MitrangApplication - Running with Spring Boot v2.3.0.RELEASE, Spring v5.2.6.RELEASE
[INFO ] 2020-09-05 00:25:47.309 MitrangApplication - No active profile set, falling back to default profiles: default
[INFO ] 2020-09-05 00:25:52.178 MitrangApplication - Started MitrangApplication in 5.24 seconds (JVM running for 7.009)
[INFO ] 2020-09-05 00:32:10.279 MitrangApplication - Starting MitrangApplication on admin-pc with PID 5050 (/home/adminpc/new-project/maz/target/classes started by adminpc in /home/adminpc/new-project/maz)
[DEBUG] 2020-09-05 00:32:10.286 MitrangApplication - Running with Spring Boot v2.3.0.RELEASE, Spring v5.2.6.RELEASE
[INFO ] 2020-09-05 00:32:10.286 MitrangApplication - No active profile set, falling back to default profiles: default
[INFO ] 2020-09-05 00:32:15.308 MitrangApplication - Started MitrangApplication in 5.445 seconds (JVM running for 7.173)
[INFO ] 2020-09-05 00:37:37.758 MitrangApplication - Starting MitrangApplication on admin-pc with PID 5507 (/home/adminpc/new-project/maz/target/classes started by adminpc in /home/adminpc/new-project/maz)
[DEBUG] 2020-09-05 00:37:37.766 MitrangApplication - Running with Spring Boot v2.3.0.RELEASE, Spring v5.2.6.RELEASE
[INFO ] 2020-09-05 00:37:37.766 MitrangApplication - No active profile set, falling back to default profiles: default
[INFO ] 2020-09-05 00:37:43.115 MitrangApplication - Started MitrangApplication in 5.75 seconds (JVM running for 7.592)
[INFO ] 2020-09-05 00:43:04.296 MitrangApplication - Starting MitrangApplication on admin-pc with PID 6100 (/home/adminpc/new-project/maz/target/classes started by adminpc in /home/adminpc/new-project/maz)
[DEBUG] 2020-09-05 00:43:04.304 MitrangApplication - Running with Spring Boot v2.3.0.RELEASE, Spring v5.2.6.RELEASE
[INFO ] 2020-09-05 00:43:04.305 MitrangApplication - No active profile set, falling back to default profiles: default
[INFO ] 2020-09-05 00:43:09.335 MitrangApplication - Started MitrangApplication in 5.424 seconds (JVM running for 7.316)
[INFO ] 2020-09-05 00:50:17.290 MitrangApplication - Starting MitrangApplication on admin-pc with PID 6471 (/home/adminpc/new-project/maz/target/classes started by adminpc in /home/adminpc/new-project/maz)
[DEBUG] 2020-09-05 00:50:17.298 MitrangApplication - Running with Spring Boot v2.3.0.RELEASE, Spring v5.2.6.RELEASE
[INFO ] 2020-09-05 00:50:17.298 MitrangApplication - No active profile set, falling back to default profiles: default
[INFO ] 2020-09-05 00:50:22.066 MitrangApplication - Started MitrangApplication in 5.212 seconds (JVM running for 6.82)
[INFO ] 2020-09-05 00:51:47.433 MitrangApplication - Starting MitrangApplication on admin-pc with PID 6750 (/home/adminpc/new-project/maz/target/classes started by adminpc in /home/adminpc/new-project/maz)
[DEBUG] 2020-09-05 00:51:47.440 MitrangApplication - Running with Spring Boot v2.3.0.RELEASE, Spring v5.2.6.RELEASE
[INFO ] 2020-09-05 00:51:47.441 MitrangApplication - No active profile set, falling back to default profiles: default
[INFO ] 2020-09-05 00:51:52.167 MitrangApplication - Started MitrangApplication in 5.094 seconds (JVM running for 7.105)
[INFO ] 2020-09-05 00:58:52.122 MitrangApplication - Starting MitrangApplication on admin-pc with PID 7688 (/home/adminpc/new-project/maz/target/classes started by adminpc in /home/adminpc/new-project/maz)
[DEBUG] 2020-09-05 00:58:52.130 MitrangApplication - Running with Spring Boot v2.3.0.RELEASE, Spring v5.2.6.RELEASE
[INFO ] 2020-09-05 00:58:52.131 MitrangApplication - No active profile set, falling back to default profiles: default
[INFO ] 2020-09-05 00:58:58.219 MitrangApplication - Started MitrangApplication in 6.478 seconds (JVM running for 8.132)
[INFO ] 2020-09-05 00:59:13.295 MitrangApplication - Starting MitrangApplication on admin-pc with PID 7942 (/home/adminpc/new-project/maz/target/classes started by adminpc in /home/adminpc/new-project/maz)
[DEBUG] 2020-09-05 00:59:13.306 MitrangApplication - Running with Spring Boot v2.3.0.RELEASE, Spring v5.2.6.RELEASE
[INFO ] 2020-09-05 00:59:13.307 MitrangApplication - No active profile set, falling back to default profiles: default
[INFO ] 2020-09-05 00:59:18.665 MitrangApplication - Started MitrangApplication in 5.849 seconds (JVM running for 7.927)
[INFO ] 2020-09-06 11:22:48.057 MitrangApplication - Starting MitrangApplication on admin-pc with PID 2794 (/home/adminpc/new-project/maz/target/classes started by adminpc in /home/adminpc/new-project/maz)
[DEBUG] 2020-09-06 11:22:48.078 MitrangApplication - Running with Spring Boot v2.3.0.RELEASE, Spring v5.2.6.RELEASE
[INFO ] 2020-09-06 11:22:48.079 MitrangApplication - No active profile set, falling back to default profiles: default
[INFO ] 2020-09-06 11:22:55.187 MitrangApplication - Started MitrangApplication in 7.822 seconds (JVM running for 10.338)
[INFO ] 2020-09-06 20:00:18.415 MitrangApplication - Starting MitrangApplication on admin-pc with PID 48798 (/home/adminpc/new-project/maz/target/classes started by adminpc in /home/adminpc/new-project/maz)
[DEBUG] 2020-09-06 20:00:18.422 MitrangApplication - Running with Spring Boot v2.3.0.RELEASE, Spring v5.2.6.RELEASE
[INFO ] 2020-09-06 20:00:18.423 MitrangApplication - No active profile set, falling back to default profiles: default
[INFO ] 2020-09-06 20:00:23.817 MitrangApplication - Started MitrangApplication in 5.837 seconds (JVM running for 7.788)
[INFO ] 2020-09-06 20:13:12.981 MitrangApplication - Starting MitrangApplication on admin-pc with PID 50198 (/home/adminpc/new-project/maz/target/classes started by adminpc in /home/adminpc/new-project/maz)
[DEBUG] 2020-09-06 20:13:12.988 MitrangApplication - Running with Spring Boot v2.3.0.RELEASE, Spring v5.2.6.RELEASE
[INFO ] 2020-09-06 20:13:12.989 MitrangApplication - No active profile set, falling back to default profiles: default
[INFO ] 2020-09-06 20:13:18.160 MitrangApplication - Started MitrangApplication in 5.552 seconds (JVM running for 7.346)
[INFO ] 2020-09-06 20:17:33.765 MitrangApplication - Starting MitrangApplication on admin-pc with PID 50540 (/home/adminpc/new-project/maz/target/classes started by adminpc in /home/adminpc/new-project/maz)
[DEBUG] 2020-09-06 20:17:33.774 MitrangApplication - Running with Spring Boot v2.3.0.RELEASE, Spring v5.2.6.RELEASE
[INFO ] 2020-09-06 20:17:33.775 MitrangApplication - No active profile set, falling back to default profiles: default
[INFO ] 2020-09-06 20:17:38.811 MitrangApplication - Started MitrangApplication in 5.462 seconds (JVM running for 7.274)
[INFO ] 2020-09-06 20:23:02.815 MitrangApplication - Starting MitrangApplication on admin-pc with PID 50962 (/home/adminpc/new-project/maz/target/classes started by adminpc in /home/adminpc/new-project/maz)
[DEBUG] 2020-09-06 20:23:02.823 MitrangApplication - Running with Spring Boot v2.3.0.RELEASE, Spring v5.2.6.RELEASE
[INFO ] 2020-09-06 20:23:02.824 MitrangApplication - No active profile set, falling back to default profiles: default
[INFO ] 2020-09-06 20:23:07.845 MitrangApplication - Started MitrangApplication in 5.436 seconds (JVM running for 7.328)
[INFO ] 2020-09-06 20:39:21.549 MitrangApplication - Starting MitrangApplication on admin-pc with PID 51710 (/home/adminpc/new-project/maz/target/classes started by adminpc in /home/adminpc/new-project/maz)
[DEBUG] 2020-09-06 20:39:21.558 MitrangApplication - Running with Spring Boot v2.3.0.RELEASE, Spring v5.2.6.RELEASE
[INFO ] 2020-09-06 20:39:21.559 MitrangApplication - No active profile set, falling back to default profiles: default
[INFO ] 2020-09-06 20:39:27.789 MitrangApplication - Started MitrangApplication in 6.854 seconds (JVM running for 9.913)
[INFO ] 2020-09-06 21:12:14.639 MitrangApplication - Starting MitrangApplication on admin-pc with PID 53342 (/home/adminpc/new-project/maz/target/classes started by adminpc in /home/adminpc/new-project/maz)
[DEBUG] 2020-09-06 21:12:14.647 MitrangApplication - Running with Spring Boot v2.3.0.RELEASE, Spring v5.2.6.RELEASE
[INFO ] 2020-09-06 21:12:14.648 MitrangApplication - No active profile set, falling back to default profiles: default
[INFO ] 2020-09-06 21:12:21.098 MitrangApplication - Started MitrangApplication in 6.856 seconds (JVM running for 8.847)
[INFO ] 2020-09-07 14:58:49.453 MitrangApplication - Starting MitrangApplication on admin-pc with PID 2848 (/home/adminpc/new-project/maz/target/classes started by adminpc in /home/adminpc/new-project/maz)
[DEBUG] 2020-09-07 14:58:49.460 MitrangApplication - Running with Spring Boot v2.3.0.RELEASE, Spring v5.2.6.RELEASE
[INFO ] 2020-09-07 14:58:49.461 MitrangApplication - No active profile set, falling back to default profiles: default
[INFO ] 2020-09-07 14:58:59.531 MitrangApplication - Started MitrangApplication in 10.653 seconds (JVM running for 13.731)
[INFO ] 2020-09-07 15:03:14.869 MitrangApplication - Starting MitrangApplication on admin-pc with PID 3818 (/home/adminpc/new-project/maz/target/classes started by adminpc in /home/adminpc/new-project/maz)
[DEBUG] 2020-09-07 15:03:14.897 MitrangApplication - Running with Spring Boot v2.3.0.RELEASE, Spring v5.2.6.RELEASE
[INFO ] 2020-09-07 15:03:14.899 MitrangApplication - No active profile set, falling back to default profiles: default
[INFO ] 2020-09-07 15:03:23.326 MitrangApplication - Started MitrangApplication in 9.157 seconds (JVM running for 12.887)
[INFO ] 2020-09-07 15:13:02.032 MitrangApplication - Starting MitrangApplication on admin-pc with PID 4398 (/home/adminpc/new-project/maz/target/classes started by adminpc in /home/adminpc/new-project/maz)
[DEBUG] 2020-09-07 15:13:02.043 MitrangApplication - Running with Spring Boot v2.3.0.RELEASE, Spring v5.2.6.RELEASE
[INFO ] 2020-09-07 15:13:02.043 MitrangApplication - No active profile set, falling back to default profiles: default
[INFO ] 2020-09-07 15:13:09.049 MitrangApplication - Started MitrangApplication in 7.531 seconds (JVM running for 10.066)
[INFO ] 2020-09-07 15:16:53.954 MitrangApplication - Starting MitrangApplication on admin-pc with PID 4723 (/home/adminpc/new-project/maz/target/classes started by adminpc in /home/adminpc/new-project/maz)
[DEBUG] 2020-09-07 15:16:53.989 MitrangApplication - Running with Spring Boot v2.3.0.RELEASE, Spring v5.2.6.RELEASE
[INFO ] 2020-09-07 15:16:53.990 MitrangApplication - No active profile set, falling back to default profiles: default
[INFO ] 2020-09-07 15:17:00.654 MitrangApplication - Started MitrangApplication in 7.359 seconds (JVM running for 9.562)
[INFO ] 2020-09-07 15:23:58.860 MitrangApplication - Starting MitrangApplication on admin-pc with PID 5205 (/home/adminpc/new-project/maz/target/classes started by adminpc in /home/adminpc/new-project/maz)
[DEBUG] 2020-09-07 15:23:58.873 MitrangApplication - Running with Spring Boot v2.3.0.RELEASE, Spring v5.2.6.RELEASE
[INFO ] 2020-09-07 15:23:58.874 MitrangApplication - No active profile set, falling back to default profiles: default
[INFO ] 2020-09-07 15:24:06.059 MitrangApplication - Started MitrangApplication in 7.772 seconds (JVM running for 10.215)
[INFO ] 2020-09-07 15:35:00.232 MitrangApplication - Starting MitrangApplication on admin-pc with PID 5935 (/home/adminpc/new-project/maz/target/classes started by adminpc in /home/adminpc/new-project/maz)
[DEBUG] 2020-09-07 15:35:00.253 MitrangApplication - Running with Spring Boot v2.3.0.RELEASE, Spring v5.2.6.RELEASE
[INFO ] 2020-09-07 15:35:00.254 MitrangApplication - No active profile set, falling back to default profiles: default
[INFO ] 2020-09-07 15:35:07.055 MitrangApplication - Started MitrangApplication in 7.382 seconds (JVM running for 10.242)
[INFO ] 2020-09-07 15:35:38.658 MitrangApplication - Starting MitrangApplication on admin-pc with PID 6203 (/home/adminpc/new-project/maz/target/classes started by adminpc in /home/adminpc/new-project/maz)
[DEBUG] 2020-09-07 15:35:38.669 MitrangApplication - Running with Spring Boot v2.3.0.RELEASE, Spring v5.2.6.RELEASE
[INFO ] 2020-09-07 15:35:38.670 MitrangApplication - No active profile set, falling back to default profiles: default
[INFO ] 2020-09-07 15:36:04.158 MitrangApplication - Starting MitrangApplication on admin-pc with PID 6429 (/home/adminpc/new-project/maz/target/classes started by adminpc in /home/adminpc/new-project/maz)
[DEBUG] 2020-09-07 15:36:04.169 MitrangApplication - Running with Spring Boot v2.3.0.RELEASE, Spring v5.2.6.RELEASE
[INFO ] 2020-09-07 15:36:04.170 MitrangApplication - No active profile set, falling back to default profiles: default
[INFO ] 2020-09-07 15:36:12.455 MitrangApplication - Started MitrangApplication in 9.864 seconds (JVM running for 12.57)
[INFO ] 2020-09-07 15:40:28.118 MitrangApplication - Starting MitrangApplication on admin-pc with PID 6873 (/home/adminpc/new-project/maz/target/classes started by adminpc in /home/adminpc/new-project/maz)
[DEBUG] 2020-09-07 15:40:28.127 MitrangApplication - Running with Spring Boot v2.3.0.RELEASE, Spring v5.2.6.RELEASE
[INFO ] 2020-09-07 15:40:28.128 MitrangApplication - No active profile set, falling back to default profiles: default
[INFO ] 2020-09-07 15:40:37.888 MitrangApplication - Started MitrangApplication in 10.35 seconds (JVM running for 12.732)
[INFO ] 2020-09-07 15:41:37.599 MitrangApplication - Starting MitrangApplication on admin-pc with PID 7137 (/home/adminpc/new-project/maz/target/classes started by adminpc in /home/adminpc/new-project/maz)
[DEBUG] 2020-09-07 15:41:37.610 MitrangApplication - Running with Spring Boot v2.3.0.RELEASE, Spring v5.2.6.RELEASE
[INFO ] 2020-09-07 15:41:37.611 MitrangApplication - No active profile set, falling back to default profiles: default
[INFO ] 2020-09-07 15:41:43.881 MitrangApplication - Started MitrangApplication in 6.837 seconds (JVM running for 9.335)
[INFO ] 2020-09-07 20:11:19.721 MitrangApplication - Starting MitrangApplication on admin-pc with PID 2774 (/home/adminpc/new-project/maz/target/classes started by adminpc in /home/adminpc/new-project/maz)
[DEBUG] 2020-09-07 20:11:19.729 MitrangApplication - Running with Spring Boot v2.3.0.RELEASE, Spring v5.2.6.RELEASE
[INFO ] 2020-09-07 20:11:19.730 MitrangApplication - No active profile set, falling back to default profiles: default
[INFO ] 2020-09-07 20:11:25.997 MitrangApplication - Started MitrangApplication in 6.766 seconds (JVM running for 9.378)
[INFO ] 2020-09-08 16:39:33.902 MitrangApplication - Starting MitrangApplication on admin-pc with PID 3092 (/home/adminpc/new-project/maz/target/classes started by adminpc in /home/adminpc/new-project/maz)
[DEBUG] 2020-09-08 16:39:33.910 MitrangApplication - Running with Spring Boot v2.3.0.RELEASE, Spring v5.2.6.RELEASE
[INFO ] 2020-09-08 16:39:33.911 MitrangApplication - No active profile set, falling back to default profiles: default
[INFO ] 2020-09-08 16:39:40.738 MitrangApplication - Started MitrangApplication in 7.405 seconds (JVM running for 11.553)
[INFO ] 2020-09-09 17:46:35.401 MitrangApplication - Starting MitrangApplication on admin-pc with PID 2837 (/home/adminpc/new-project/maz/target/classes started by adminpc in /home/adminpc/new-project/maz)
[DEBUG] 2020-09-09 17:46:35.410 MitrangApplication - Running with Spring Boot v2.3.0.RELEASE, Spring v5.2.6.RELEASE
[INFO ] 2020-09-09 17:46:35.410 MitrangApplication - No active profile set, falling back to default profiles: default
[INFO ] 2020-09-09 17:46:42.538 MitrangApplication - Started MitrangApplication in 7.826 seconds (JVM running for 10.18)
[INFO ] 2020-09-09 23:47:41.381 MitrangApplication - Starting MitrangApplication on admin-pc with PID 14132 (/home/adminpc/new-project/maz/target/classes started by adminpc in /home/adminpc/new-project/maz)
[DEBUG] 2020-09-09 23:47:41.389 MitrangApplication - Running with Spring Boot v2.3.0.RELEASE, Spring v5.2.6.RELEASE
[INFO ] 2020-09-09 23:47:41.389 MitrangApplication - No active profile set, falling back to default profiles: default
[INFO ] 2020-09-09 23:47:46.261 MitrangApplication - Started MitrangApplication in 5.268 seconds (JVM running for 7.156)
[INFO ] 2020-09-10 00:13:19.346 MitrangApplication - Starting MitrangApplication on admin-pc with PID 15469 (/home/adminpc/new-project/maz/target/classes started by adminpc in /home/adminpc/new-project/maz)
[DEBUG] 2020-09-10 00:13:19.353 MitrangApplication - Running with Spring Boot v2.3.0.RELEASE, Spring v5.2.6.RELEASE
[INFO ] 2020-09-10 00:13:19.355 MitrangApplication - No active profile set, falling back to default profiles: default
[INFO ] 2020-09-10 00:13:24.200 MitrangApplication - Started MitrangApplication in 5.241 seconds (JVM running for 7.069)
[INFO ] 2020-09-10 00:15:40.019 MitrangApplication - Starting MitrangApplication on admin-pc with PID 15825 (/home/adminpc/new-project/maz/target/classes started by adminpc in /home/adminpc/new-project/maz)
[DEBUG] 2020-09-10 00:15:40.027 MitrangApplication - Running with Spring Boot v2.3.0.RELEASE, Spring v5.2.6.RELEASE
[INFO ] 2020-09-10 00:15:40.027 MitrangApplication - No active profile set, falling back to default profiles: default
[INFO ] 2020-09-10 00:15:44.878 MitrangApplication - Started MitrangApplication in 5.291 seconds (JVM running for 7.436)
[INFO ] 2020-09-10 00:19:16.715 MitrangApplication - Starting MitrangApplication on admin-pc with PID 16166 (/home/adminpc/new-project/maz/target/classes started by adminpc in /home/adminpc/new-project/maz)
[DEBUG] 2020-09-10 00:19:16.727 MitrangApplication - Running with Spring Boot v2.3.0.RELEASE, Spring v5.2.6.RELEASE
[INFO ] 2020-09-10 00:19:16.729 MitrangApplication - No active profile set, falling back to default profiles: default
[INFO ] 2020-09-10 00:19:27.737 MitrangApplication - Started MitrangApplication in 11.417 seconds (JVM running for 13.397)
[INFO ] 2020-09-10 00:24:59.418 MitrangApplication - Starting MitrangApplication on admin-pc with PID 16567 (/home/adminpc/new-project/maz/target/classes started by adminpc in /home/adminpc/new-project/maz)
[DEBUG] 2020-09-10 00:24:59.432 MitrangApplication - Running with Spring Boot v2.3.0.RELEASE, Spring v5.2.6.RELEASE
[INFO ] 2020-09-10 00:24:59.434 MitrangApplication - No active profile set, falling back to default profiles: default
[INFO ] 2020-09-10 00:25:04.905 MitrangApplication - Started MitrangApplication in 5.977 seconds (JVM running for 8.186)
[INFO ] 2020-09-10 17:09:26.039 MitrangApplication - Starting MitrangApplication on admin-pc with PID 4535 (/home/adminpc/new-project/maz/target/classes started by adminpc in /home/adminpc/new-project/maz)
[DEBUG] 2020-09-10 17:09:26.051 MitrangApplication - Running with Spring Boot v2.3.0.RELEASE, Spring v5.2.6.RELEASE
[INFO ] 2020-09-10 17:09:26.052 MitrangApplication - No active profile set, falling back to default profiles: default
[INFO ] 2020-09-10 17:09:33.352 MitrangApplication - Started MitrangApplication in 7.956 seconds (JVM running for 10.711)
[INFO ] 2020-09-10 18:08:51.141 MitrangApplication - Starting MitrangApplication on admin-pc with PID 6951 (/home/adminpc/yk/yk-backend/target/classes started by adminpc in /home/adminpc/yk/yk-backend)
[DEBUG] 2020-09-10 18:08:51.149 MitrangApplication - Running with Spring Boot v2.3.0.RELEASE, Spring v5.2.6.RELEASE
[INFO ] 2020-09-10 18:08:51.151 MitrangApplication - No active profile set, falling back to default profiles: default
[INFO ] 2020-09-10 18:08:56.350 MitrangApplication - Started MitrangApplication in 5.683 seconds (JVM running for 7.642)
[INFO ] 2020-09-10 18:13:14.110 Server - Starting Server on admin-pc with PID 7300 (/home/adminpc/yk/yk-backend/target/classes started by adminpc in /home/adminpc/yk/yk-backend)
[DEBUG] 2020-09-10 18:13:14.118 Server - Running with Spring Boot v2.3.0.RELEASE, Spring v5.2.6.RELEASE
[INFO ] 2020-09-10 18:13:14.119 Server - No active profile set, falling back to default profiles: default
[INFO ] 2020-09-10 18:13:19.280 Server - Started Server in 5.575 seconds (JVM running for 7.756)
